[2025-03-27T12:15:33.233+0000] {local_task_job_runner.py:123} INFO - ::group::Pre task execution logs
[2025-03-27T12:15:33.252+0000] {taskinstance.py:2614} INFO - Dependencies all met for dep_context=non-requeueable deps ti=<TaskInstance: my_dag.add_cores_to_table manual__2025-03-27T12:15:25.229593+00:00 [queued]>
[2025-03-27T12:15:33.259+0000] {taskinstance.py:2614} INFO - Dependencies all met for dep_context=requeueable deps ti=<TaskInstance: my_dag.add_cores_to_table manual__2025-03-27T12:15:25.229593+00:00 [queued]>
[2025-03-27T12:15:33.259+0000] {taskinstance.py:2867} INFO - Starting attempt 1 of 1
[2025-03-27T12:15:33.272+0000] {taskinstance.py:2890} INFO - Executing <Task(PythonOperator): add_cores_to_table> on 2025-03-27 12:15:25.229593+00:00
[2025-03-27T12:15:33.279+0000] {warnings.py:112} WARNING - /home/***/.local/lib/python3.12/site-packages/***/task/task_runner/standard_task_runner.py:70: DeprecationWarning: This process (pid=455) is multi-threaded, use of fork() may lead to deadlocks in the child.
  pid = os.fork()

[2025-03-27T12:15:33.280+0000] {standard_task_runner.py:72} INFO - Started process 457 to run task
[2025-03-27T12:15:33.281+0000] {standard_task_runner.py:104} INFO - Running: ['***', 'tasks', 'run', 'my_dag', 'add_cores_to_table', 'manual__2025-03-27T12:15:25.229593+00:00', '--job-id', '49', '--raw', '--subdir', 'DAGS_FOLDER/main_dag.py', '--cfg-path', '/tmp/tmpom25muf7']
[2025-03-27T12:15:33.282+0000] {standard_task_runner.py:105} INFO - Job 49: Subtask add_cores_to_table
[2025-03-27T12:15:33.512+0000] {task_command.py:467} INFO - Running <TaskInstance: my_dag.add_cores_to_table manual__2025-03-27T12:15:25.229593+00:00 [running]> on host 2753c0b03e32
[2025-03-27T12:15:33.583+0000] {taskinstance.py:3134} INFO - Exporting env vars: AIRFLOW_CTX_DAG_OWNER='***' AIRFLOW_CTX_DAG_ID='my_dag' AIRFLOW_CTX_TASK_ID='add_cores_to_table' AIRFLOW_CTX_EXECUTION_DATE='2025-03-27T12:15:25.229593+00:00' AIRFLOW_CTX_TRY_NUMBER='1' AIRFLOW_CTX_DAG_RUN_ID='manual__2025-03-27T12:15:25.229593+00:00'
[2025-03-27T12:15:33.583+0000] {logging_mixin.py:190} INFO - Task instance is in running state
[2025-03-27T12:15:33.584+0000] {logging_mixin.py:190} INFO -  Previous state of the Task instance: queued
[2025-03-27T12:15:33.584+0000] {logging_mixin.py:190} INFO - Current task name:add_cores_to_table state:running start_date:2025-03-27 12:15:33.252455+00:00
[2025-03-27T12:15:33.584+0000] {logging_mixin.py:190} INFO - Dag name:my_dag and current dag run status:running
[2025-03-27T12:15:33.584+0000] {taskinstance.py:732} INFO - ::endgroup::
[2025-03-27T12:15:33.592+0000] {base.py:84} INFO - Retrieving connection 'postgres_db'
[2025-03-27T12:15:35.661+0000] {main_dag.py:27} INFO - >>>>>>>> уже в  таблице
[2025-03-27T12:15:35.662+0000] {main_dag.py:27} INFO - >>>>>>>> уже в  таблице
[2025-03-27T12:15:35.663+0000] {main_dag.py:27} INFO - >>>>>>>> уже в  таблице
[2025-03-27T12:15:35.663+0000] {main_dag.py:27} INFO - >>>>>>>> уже в  таблице
[2025-03-27T12:15:35.663+0000] {main_dag.py:27} INFO - >>>>>>>> уже в  таблице
[2025-03-27T12:15:35.663+0000] {main_dag.py:27} INFO - >>>>>>>> уже в  таблице
[2025-03-27T12:15:35.664+0000] {main_dag.py:27} INFO - >>>>>>>> уже в  таблице
[2025-03-27T12:15:35.664+0000] {main_dag.py:27} INFO - >>>>>>>> уже в  таблице
[2025-03-27T12:15:35.664+0000] {main_dag.py:27} INFO - >>>>>>>> уже в  таблице
[2025-03-27T12:15:35.665+0000] {main_dag.py:27} INFO - >>>>>>>> уже в  таблице
[2025-03-27T12:15:35.665+0000] {main_dag.py:27} INFO - >>>>>>>> уже в  таблице
[2025-03-27T12:15:35.665+0000] {main_dag.py:27} INFO - >>>>>>>> уже в  таблице
[2025-03-27T12:15:35.666+0000] {main_dag.py:27} INFO - >>>>>>>> уже в  таблице
[2025-03-27T12:15:35.666+0000] {main_dag.py:27} INFO - >>>>>>>> уже в  таблице
[2025-03-27T12:15:35.666+0000] {main_dag.py:27} INFO - >>>>>>>> уже в  таблице
[2025-03-27T12:15:35.666+0000] {main_dag.py:27} INFO - >>>>>>>> уже в  таблице
[2025-03-27T12:15:35.667+0000] {main_dag.py:27} INFO - >>>>>>>> уже в  таблице
[2025-03-27T12:15:35.667+0000] {main_dag.py:27} INFO - >>>>>>>> уже в  таблице
[2025-03-27T12:15:35.667+0000] {main_dag.py:27} INFO - >>>>>>>> уже в  таблице
[2025-03-27T12:15:35.668+0000] {main_dag.py:27} INFO - >>>>>>>> уже в  таблице
[2025-03-27T12:15:35.668+0000] {main_dag.py:27} INFO - >>>>>>>> уже в  таблице
[2025-03-27T12:15:35.668+0000] {main_dag.py:27} INFO - >>>>>>>> уже в  таблице
[2025-03-27T12:15:35.669+0000] {main_dag.py:27} INFO - >>>>>>>> уже в  таблице
[2025-03-27T12:15:35.669+0000] {main_dag.py:27} INFO - >>>>>>>> уже в  таблице
[2025-03-27T12:15:35.669+0000] {main_dag.py:27} INFO - >>>>>>>> уже в  таблице
[2025-03-27T12:15:35.670+0000] {main_dag.py:27} INFO - >>>>>>>> уже в  таблице
[2025-03-27T12:15:35.670+0000] {main_dag.py:27} INFO - >>>>>>>> уже в  таблице
[2025-03-27T12:15:35.670+0000] {main_dag.py:27} INFO - >>>>>>>> уже в  таблице
[2025-03-27T12:15:35.671+0000] {main_dag.py:27} INFO - >>>>>>>> уже в  таблице
[2025-03-27T12:15:35.671+0000] {main_dag.py:27} INFO - >>>>>>>> уже в  таблице
[2025-03-27T12:15:35.671+0000] {main_dag.py:27} INFO - >>>>>>>> уже в  таблице
[2025-03-27T12:15:35.672+0000] {main_dag.py:27} INFO - >>>>>>>> уже в  таблице
[2025-03-27T12:15:35.672+0000] {main_dag.py:27} INFO - >>>>>>>> уже в  таблице
[2025-03-27T12:15:35.672+0000] {main_dag.py:27} INFO - >>>>>>>> уже в  таблице
[2025-03-27T12:15:35.673+0000] {main_dag.py:27} INFO - >>>>>>>> уже в  таблице
[2025-03-27T12:15:35.673+0000] {main_dag.py:27} INFO - >>>>>>>> уже в  таблице
[2025-03-27T12:15:35.673+0000] {main_dag.py:27} INFO - >>>>>>>> уже в  таблице
[2025-03-27T12:15:35.674+0000] {main_dag.py:27} INFO - >>>>>>>> уже в  таблице
[2025-03-27T12:15:35.674+0000] {main_dag.py:27} INFO - >>>>>>>> уже в  таблице
[2025-03-27T12:15:35.674+0000] {main_dag.py:27} INFO - >>>>>>>> уже в  таблице
[2025-03-27T12:15:35.675+0000] {main_dag.py:27} INFO - >>>>>>>> уже в  таблице
[2025-03-27T12:15:35.675+0000] {main_dag.py:27} INFO - >>>>>>>> уже в  таблице
[2025-03-27T12:15:35.675+0000] {main_dag.py:27} INFO - >>>>>>>> уже в  таблице
[2025-03-27T12:15:35.676+0000] {main_dag.py:27} INFO - >>>>>>>> уже в  таблице
[2025-03-27T12:15:35.676+0000] {main_dag.py:27} INFO - >>>>>>>> уже в  таблице
[2025-03-27T12:15:35.676+0000] {main_dag.py:27} INFO - >>>>>>>> уже в  таблице
[2025-03-27T12:15:35.677+0000] {main_dag.py:27} INFO - >>>>>>>> уже в  таблице
[2025-03-27T12:15:35.677+0000] {main_dag.py:27} INFO - >>>>>>>> уже в  таблице
[2025-03-27T12:15:35.678+0000] {main_dag.py:27} INFO - >>>>>>>> уже в  таблице
[2025-03-27T12:15:35.678+0000] {main_dag.py:27} INFO - >>>>>>>> уже в  таблице
[2025-03-27T12:15:35.678+0000] {main_dag.py:27} INFO - >>>>>>>> уже в  таблице
[2025-03-27T12:15:35.679+0000] {main_dag.py:27} INFO - >>>>>>>> уже в  таблице
[2025-03-27T12:15:35.679+0000] {main_dag.py:27} INFO - >>>>>>>> уже в  таблице
[2025-03-27T12:15:35.679+0000] {main_dag.py:27} INFO - >>>>>>>> уже в  таблице
[2025-03-27T12:15:35.680+0000] {main_dag.py:27} INFO - >>>>>>>> уже в  таблице
[2025-03-27T12:15:35.680+0000] {main_dag.py:27} INFO - >>>>>>>> уже в  таблице
[2025-03-27T12:15:35.680+0000] {main_dag.py:27} INFO - >>>>>>>> уже в  таблице
[2025-03-27T12:15:35.680+0000] {main_dag.py:27} INFO - >>>>>>>> уже в  таблице
[2025-03-27T12:15:35.681+0000] {main_dag.py:27} INFO - >>>>>>>> уже в  таблице
[2025-03-27T12:15:35.681+0000] {main_dag.py:27} INFO - >>>>>>>> уже в  таблице
[2025-03-27T12:15:35.681+0000] {main_dag.py:27} INFO - >>>>>>>> уже в  таблице
[2025-03-27T12:15:35.682+0000] {main_dag.py:27} INFO - >>>>>>>> уже в  таблице
[2025-03-27T12:15:35.682+0000] {main_dag.py:27} INFO - >>>>>>>> уже в  таблице
[2025-03-27T12:15:35.682+0000] {main_dag.py:27} INFO - >>>>>>>> уже в  таблице
[2025-03-27T12:15:35.683+0000] {main_dag.py:27} INFO - >>>>>>>> уже в  таблице
[2025-03-27T12:15:35.683+0000] {main_dag.py:27} INFO - >>>>>>>> уже в  таблице
[2025-03-27T12:15:35.683+0000] {main_dag.py:27} INFO - >>>>>>>> уже в  таблице
[2025-03-27T12:15:35.684+0000] {main_dag.py:27} INFO - >>>>>>>> уже в  таблице
[2025-03-27T12:15:35.684+0000] {main_dag.py:27} INFO - >>>>>>>> уже в  таблице
[2025-03-27T12:15:35.684+0000] {main_dag.py:27} INFO - >>>>>>>> уже в  таблице
[2025-03-27T12:15:35.685+0000] {main_dag.py:27} INFO - >>>>>>>> уже в  таблице
[2025-03-27T12:15:35.685+0000] {main_dag.py:27} INFO - >>>>>>>> уже в  таблице
[2025-03-27T12:15:35.685+0000] {main_dag.py:27} INFO - >>>>>>>> уже в  таблице
[2025-03-27T12:15:35.686+0000] {main_dag.py:27} INFO - >>>>>>>> уже в  таблице
[2025-03-27T12:15:35.686+0000] {main_dag.py:27} INFO - >>>>>>>> уже в  таблице
[2025-03-27T12:15:35.686+0000] {main_dag.py:27} INFO - >>>>>>>> уже в  таблице
[2025-03-27T12:15:35.687+0000] {main_dag.py:27} INFO - >>>>>>>> уже в  таблице
[2025-03-27T12:15:35.687+0000] {main_dag.py:27} INFO - >>>>>>>> уже в  таблице
[2025-03-27T12:15:35.687+0000] {main_dag.py:27} INFO - >>>>>>>> уже в  таблице
[2025-03-27T12:15:35.687+0000] {main_dag.py:27} INFO - >>>>>>>> уже в  таблице
[2025-03-27T12:15:35.688+0000] {main_dag.py:27} INFO - >>>>>>>> уже в  таблице
[2025-03-27T12:15:35.688+0000] {main_dag.py:27} INFO - >>>>>>>> уже в  таблице
[2025-03-27T12:15:35.688+0000] {main_dag.py:27} INFO - >>>>>>>> уже в  таблице
[2025-03-27T12:15:35.689+0000] {python.py:240} INFO - Done. Returned value was: None
[2025-03-27T12:15:35.697+0000] {taskinstance.py:341} INFO - ::group::Post task execution logs
[2025-03-27T12:15:35.698+0000] {taskinstance.py:353} INFO - Marking task as SUCCESS. dag_id=my_dag, task_id=add_cores_to_table, run_id=manual__2025-03-27T12:15:25.229593+00:00, execution_date=20250327T121525, start_date=20250327T121533, end_date=20250327T121535
[2025-03-27T12:15:35.718+0000] {logging_mixin.py:190} INFO - Task instance in success state
[2025-03-27T12:15:35.718+0000] {logging_mixin.py:190} INFO -  Previous state of the Task instance: running
[2025-03-27T12:15:35.718+0000] {logging_mixin.py:190} INFO - Dag name:my_dag queued_at:2025-03-27 12:15:25.239482+00:00
[2025-03-27T12:15:35.719+0000] {logging_mixin.py:190} INFO - Task hostname:2753c0b03e32 operator:PythonOperator
[2025-03-27T12:15:35.760+0000] {local_task_job_runner.py:266} INFO - Task exited with return code 0
[2025-03-27T12:15:35.945+0000] {taskinstance.py:3901} INFO - 1 downstream tasks scheduled from follow-on schedule check
[2025-03-27T12:15:35.947+0000] {local_task_job_runner.py:245} INFO - ::endgroup::
