[2025-03-27T12:09:12.652+0000] {local_task_job_runner.py:123} INFO - ::group::Pre task execution logs
[2025-03-27T12:09:12.672+0000] {taskinstance.py:2614} INFO - Dependencies all met for dep_context=non-requeueable deps ti=<TaskInstance: my_dag.add_cores_to_table manual__2025-03-27T12:09:03.921919+00:00 [queued]>
[2025-03-27T12:09:12.680+0000] {taskinstance.py:2614} INFO - Dependencies all met for dep_context=requeueable deps ti=<TaskInstance: my_dag.add_cores_to_table manual__2025-03-27T12:09:03.921919+00:00 [queued]>
[2025-03-27T12:09:12.680+0000] {taskinstance.py:2867} INFO - Starting attempt 1 of 1
[2025-03-27T12:09:12.693+0000] {taskinstance.py:2890} INFO - Executing <Task(PythonOperator): add_cores_to_table> on 2025-03-27 12:09:03.921919+00:00
[2025-03-27T12:09:12.700+0000] {warnings.py:112} WARNING - /home/***/.local/lib/python3.12/site-packages/***/task/task_runner/standard_task_runner.py:70: DeprecationWarning: This process (pid=338) is multi-threaded, use of fork() may lead to deadlocks in the child.
  pid = os.fork()

[2025-03-27T12:09:12.701+0000] {standard_task_runner.py:72} INFO - Started process 340 to run task
[2025-03-27T12:09:12.702+0000] {standard_task_runner.py:104} INFO - Running: ['***', 'tasks', 'run', 'my_dag', 'add_cores_to_table', 'manual__2025-03-27T12:09:03.921919+00:00', '--job-id', '39', '--raw', '--subdir', 'DAGS_FOLDER/main_dag.py', '--cfg-path', '/tmp/tmp06vxqjfn']
[2025-03-27T12:09:12.703+0000] {standard_task_runner.py:105} INFO - Job 39: Subtask add_cores_to_table
[2025-03-27T12:09:12.944+0000] {task_command.py:467} INFO - Running <TaskInstance: my_dag.add_cores_to_table manual__2025-03-27T12:09:03.921919+00:00 [running]> on host 2753c0b03e32
[2025-03-27T12:09:13.019+0000] {taskinstance.py:3134} INFO - Exporting env vars: AIRFLOW_CTX_DAG_OWNER='***' AIRFLOW_CTX_DAG_ID='my_dag' AIRFLOW_CTX_TASK_ID='add_cores_to_table' AIRFLOW_CTX_EXECUTION_DATE='2025-03-27T12:09:03.921919+00:00' AIRFLOW_CTX_TRY_NUMBER='1' AIRFLOW_CTX_DAG_RUN_ID='manual__2025-03-27T12:09:03.921919+00:00'
[2025-03-27T12:09:13.020+0000] {logging_mixin.py:190} INFO - Task instance is in running state
[2025-03-27T12:09:13.020+0000] {logging_mixin.py:190} INFO -  Previous state of the Task instance: queued
[2025-03-27T12:09:13.021+0000] {logging_mixin.py:190} INFO - Current task name:add_cores_to_table state:running start_date:2025-03-27 12:09:12.672728+00:00
[2025-03-27T12:09:13.021+0000] {logging_mixin.py:190} INFO - Dag name:my_dag and current dag run status:running
[2025-03-27T12:09:13.021+0000] {taskinstance.py:732} INFO - ::endgroup::
[2025-03-27T12:09:13.029+0000] {base.py:84} INFO - Retrieving connection 'postgres_db'
[2025-03-27T12:09:17.620+0000] {main_dag.py:27} INFO - >>>>>>>> уже в  таблице
[2025-03-27T12:09:17.621+0000] {main_dag.py:27} INFO - >>>>>>>> уже в  таблице
[2025-03-27T12:09:17.621+0000] {main_dag.py:27} INFO - >>>>>>>> уже в  таблице
[2025-03-27T12:09:17.622+0000] {main_dag.py:27} INFO - >>>>>>>> уже в  таблице
[2025-03-27T12:09:17.622+0000] {main_dag.py:27} INFO - >>>>>>>> уже в  таблице
[2025-03-27T12:09:17.622+0000] {main_dag.py:27} INFO - >>>>>>>> уже в  таблице
[2025-03-27T12:09:17.623+0000] {main_dag.py:27} INFO - >>>>>>>> уже в  таблице
[2025-03-27T12:09:17.623+0000] {main_dag.py:27} INFO - >>>>>>>> уже в  таблице
[2025-03-27T12:09:17.623+0000] {main_dag.py:27} INFO - >>>>>>>> уже в  таблице
[2025-03-27T12:09:17.624+0000] {main_dag.py:27} INFO - >>>>>>>> уже в  таблице
[2025-03-27T12:09:17.624+0000] {main_dag.py:27} INFO - >>>>>>>> уже в  таблице
[2025-03-27T12:09:17.624+0000] {main_dag.py:27} INFO - >>>>>>>> уже в  таблице
[2025-03-27T12:09:17.625+0000] {main_dag.py:27} INFO - >>>>>>>> уже в  таблице
[2025-03-27T12:09:17.625+0000] {main_dag.py:27} INFO - >>>>>>>> уже в  таблице
[2025-03-27T12:09:17.626+0000] {main_dag.py:27} INFO - >>>>>>>> уже в  таблице
[2025-03-27T12:09:17.626+0000] {main_dag.py:27} INFO - >>>>>>>> уже в  таблице
[2025-03-27T12:09:17.626+0000] {main_dag.py:27} INFO - >>>>>>>> уже в  таблице
[2025-03-27T12:09:17.627+0000] {main_dag.py:27} INFO - >>>>>>>> уже в  таблице
[2025-03-27T12:09:17.627+0000] {main_dag.py:27} INFO - >>>>>>>> уже в  таблице
[2025-03-27T12:09:17.627+0000] {main_dag.py:27} INFO - >>>>>>>> уже в  таблице
[2025-03-27T12:09:17.628+0000] {main_dag.py:27} INFO - >>>>>>>> уже в  таблице
[2025-03-27T12:09:17.628+0000] {main_dag.py:27} INFO - >>>>>>>> уже в  таблице
[2025-03-27T12:09:17.628+0000] {main_dag.py:27} INFO - >>>>>>>> уже в  таблице
[2025-03-27T12:09:17.629+0000] {main_dag.py:27} INFO - >>>>>>>> уже в  таблице
[2025-03-27T12:09:17.629+0000] {main_dag.py:27} INFO - >>>>>>>> уже в  таблице
[2025-03-27T12:09:17.629+0000] {main_dag.py:27} INFO - >>>>>>>> уже в  таблице
[2025-03-27T12:09:17.630+0000] {main_dag.py:27} INFO - >>>>>>>> уже в  таблице
[2025-03-27T12:09:17.630+0000] {main_dag.py:27} INFO - >>>>>>>> уже в  таблице
[2025-03-27T12:09:17.630+0000] {main_dag.py:27} INFO - >>>>>>>> уже в  таблице
[2025-03-27T12:09:17.631+0000] {main_dag.py:27} INFO - >>>>>>>> уже в  таблице
[2025-03-27T12:09:17.631+0000] {main_dag.py:27} INFO - >>>>>>>> уже в  таблице
[2025-03-27T12:09:17.631+0000] {main_dag.py:27} INFO - >>>>>>>> уже в  таблице
[2025-03-27T12:09:17.632+0000] {main_dag.py:27} INFO - >>>>>>>> уже в  таблице
[2025-03-27T12:09:17.632+0000] {main_dag.py:27} INFO - >>>>>>>> уже в  таблице
[2025-03-27T12:09:17.632+0000] {main_dag.py:27} INFO - >>>>>>>> уже в  таблице
[2025-03-27T12:09:17.633+0000] {main_dag.py:27} INFO - >>>>>>>> уже в  таблице
[2025-03-27T12:09:17.633+0000] {main_dag.py:27} INFO - >>>>>>>> уже в  таблице
[2025-03-27T12:09:17.633+0000] {main_dag.py:27} INFO - >>>>>>>> уже в  таблице
[2025-03-27T12:09:17.634+0000] {main_dag.py:27} INFO - >>>>>>>> уже в  таблице
[2025-03-27T12:09:17.634+0000] {main_dag.py:27} INFO - >>>>>>>> уже в  таблице
[2025-03-27T12:09:17.634+0000] {main_dag.py:27} INFO - >>>>>>>> уже в  таблице
[2025-03-27T12:09:17.635+0000] {main_dag.py:27} INFO - >>>>>>>> уже в  таблице
[2025-03-27T12:09:17.635+0000] {main_dag.py:27} INFO - >>>>>>>> уже в  таблице
[2025-03-27T12:09:17.635+0000] {main_dag.py:27} INFO - >>>>>>>> уже в  таблице
[2025-03-27T12:09:17.636+0000] {main_dag.py:27} INFO - >>>>>>>> уже в  таблице
[2025-03-27T12:09:17.636+0000] {main_dag.py:27} INFO - >>>>>>>> уже в  таблице
[2025-03-27T12:09:17.636+0000] {main_dag.py:27} INFO - >>>>>>>> уже в  таблице
[2025-03-27T12:09:17.637+0000] {main_dag.py:27} INFO - >>>>>>>> уже в  таблице
[2025-03-27T12:09:17.637+0000] {main_dag.py:27} INFO - >>>>>>>> уже в  таблице
[2025-03-27T12:09:17.637+0000] {main_dag.py:27} INFO - >>>>>>>> уже в  таблице
[2025-03-27T12:09:17.638+0000] {main_dag.py:27} INFO - >>>>>>>> уже в  таблице
[2025-03-27T12:09:17.638+0000] {main_dag.py:27} INFO - >>>>>>>> уже в  таблице
[2025-03-27T12:09:17.638+0000] {main_dag.py:27} INFO - >>>>>>>> уже в  таблице
[2025-03-27T12:09:17.639+0000] {main_dag.py:27} INFO - >>>>>>>> уже в  таблице
[2025-03-27T12:09:17.639+0000] {main_dag.py:27} INFO - >>>>>>>> уже в  таблице
[2025-03-27T12:09:17.639+0000] {main_dag.py:27} INFO - >>>>>>>> уже в  таблице
[2025-03-27T12:09:17.640+0000] {main_dag.py:27} INFO - >>>>>>>> уже в  таблице
[2025-03-27T12:09:17.640+0000] {main_dag.py:27} INFO - >>>>>>>> уже в  таблице
[2025-03-27T12:09:17.640+0000] {main_dag.py:27} INFO - >>>>>>>> уже в  таблице
[2025-03-27T12:09:17.641+0000] {main_dag.py:27} INFO - >>>>>>>> уже в  таблице
[2025-03-27T12:09:17.641+0000] {main_dag.py:27} INFO - >>>>>>>> уже в  таблице
[2025-03-27T12:09:17.641+0000] {main_dag.py:27} INFO - >>>>>>>> уже в  таблице
[2025-03-27T12:09:17.642+0000] {main_dag.py:27} INFO - >>>>>>>> уже в  таблице
[2025-03-27T12:09:17.642+0000] {main_dag.py:27} INFO - >>>>>>>> уже в  таблице
[2025-03-27T12:09:17.642+0000] {main_dag.py:27} INFO - >>>>>>>> уже в  таблице
[2025-03-27T12:09:17.643+0000] {main_dag.py:27} INFO - >>>>>>>> уже в  таблице
[2025-03-27T12:09:17.643+0000] {main_dag.py:27} INFO - >>>>>>>> уже в  таблице
[2025-03-27T12:09:17.643+0000] {main_dag.py:27} INFO - >>>>>>>> уже в  таблице
[2025-03-27T12:09:17.644+0000] {main_dag.py:27} INFO - >>>>>>>> уже в  таблице
[2025-03-27T12:09:17.644+0000] {main_dag.py:27} INFO - >>>>>>>> уже в  таблице
[2025-03-27T12:09:17.645+0000] {main_dag.py:27} INFO - >>>>>>>> уже в  таблице
[2025-03-27T12:09:17.645+0000] {main_dag.py:27} INFO - >>>>>>>> уже в  таблице
[2025-03-27T12:09:17.645+0000] {main_dag.py:27} INFO - >>>>>>>> уже в  таблице
[2025-03-27T12:09:17.646+0000] {main_dag.py:27} INFO - >>>>>>>> уже в  таблице
[2025-03-27T12:09:17.646+0000] {main_dag.py:27} INFO - >>>>>>>> уже в  таблице
[2025-03-27T12:09:17.646+0000] {main_dag.py:27} INFO - >>>>>>>> уже в  таблице
[2025-03-27T12:09:17.646+0000] {main_dag.py:27} INFO - >>>>>>>> уже в  таблице
[2025-03-27T12:09:17.647+0000] {main_dag.py:27} INFO - >>>>>>>> уже в  таблице
[2025-03-27T12:09:17.647+0000] {main_dag.py:27} INFO - >>>>>>>> уже в  таблице
[2025-03-27T12:09:17.648+0000] {main_dag.py:27} INFO - >>>>>>>> уже в  таблице
[2025-03-27T12:09:17.648+0000] {main_dag.py:27} INFO - >>>>>>>> уже в  таблице
[2025-03-27T12:09:17.648+0000] {main_dag.py:27} INFO - >>>>>>>> уже в  таблице
[2025-03-27T12:09:17.649+0000] {main_dag.py:27} INFO - >>>>>>>> уже в  таблице
[2025-03-27T12:09:17.649+0000] {python.py:240} INFO - Done. Returned value was: None
[2025-03-27T12:09:17.659+0000] {taskinstance.py:341} INFO - ::group::Post task execution logs
[2025-03-27T12:09:17.659+0000] {taskinstance.py:353} INFO - Marking task as SUCCESS. dag_id=my_dag, task_id=add_cores_to_table, run_id=manual__2025-03-27T12:09:03.921919+00:00, execution_date=20250327T120903, start_date=20250327T120912, end_date=20250327T120917
[2025-03-27T12:09:17.682+0000] {logging_mixin.py:190} INFO - Task instance in success state
[2025-03-27T12:09:17.685+0000] {logging_mixin.py:190} INFO -  Previous state of the Task instance: running
[2025-03-27T12:09:17.685+0000] {logging_mixin.py:190} INFO - Dag name:my_dag queued_at:2025-03-27 12:09:03.931014+00:00
[2025-03-27T12:09:17.685+0000] {logging_mixin.py:190} INFO - Task hostname:2753c0b03e32 operator:PythonOperator
[2025-03-27T12:09:17.724+0000] {local_task_job_runner.py:266} INFO - Task exited with return code 0
[2025-03-27T12:09:17.906+0000] {taskinstance.py:3901} INFO - 1 downstream tasks scheduled from follow-on schedule check
[2025-03-27T12:09:17.908+0000] {local_task_job_runner.py:245} INFO - ::endgroup::
