[2025-03-27T12:09:06.480+0000] {local_task_job_runner.py:123} INFO - ::group::Pre task execution logs
[2025-03-27T12:09:06.495+0000] {taskinstance.py:2614} INFO - Dependencies all met for dep_context=non-requeueable deps ti=<TaskInstance: my_dag.add_capsules_to_table manual__2025-03-27T12:09:03.921919+00:00 [queued]>
[2025-03-27T12:09:06.501+0000] {taskinstance.py:2614} INFO - Dependencies all met for dep_context=requeueable deps ti=<TaskInstance: my_dag.add_capsules_to_table manual__2025-03-27T12:09:03.921919+00:00 [queued]>
[2025-03-27T12:09:06.502+0000] {taskinstance.py:2867} INFO - Starting attempt 1 of 1
[2025-03-27T12:09:06.515+0000] {taskinstance.py:2890} INFO - Executing <Task(PythonOperator): add_capsules_to_table> on 2025-03-27 12:09:03.921919+00:00
[2025-03-27T12:09:06.521+0000] {warnings.py:112} WARNING - /home/***/.local/lib/python3.12/site-packages/***/task/task_runner/standard_task_runner.py:70: DeprecationWarning: This process (pid=327) is multi-threaded, use of fork() may lead to deadlocks in the child.
  pid = os.fork()

[2025-03-27T12:09:06.523+0000] {standard_task_runner.py:72} INFO - Started process 329 to run task
[2025-03-27T12:09:06.523+0000] {standard_task_runner.py:104} INFO - Running: ['***', 'tasks', 'run', 'my_dag', 'add_capsules_to_table', 'manual__2025-03-27T12:09:03.921919+00:00', '--job-id', '38', '--raw', '--subdir', 'DAGS_FOLDER/main_dag.py', '--cfg-path', '/tmp/tmpqjr0wsqb']
[2025-03-27T12:09:06.524+0000] {standard_task_runner.py:105} INFO - Job 38: Subtask add_capsules_to_table
[2025-03-27T12:09:06.764+0000] {task_command.py:467} INFO - Running <TaskInstance: my_dag.add_capsules_to_table manual__2025-03-27T12:09:03.921919+00:00 [running]> on host 2753c0b03e32
[2025-03-27T12:09:06.851+0000] {taskinstance.py:3134} INFO - Exporting env vars: AIRFLOW_CTX_DAG_OWNER='***' AIRFLOW_CTX_DAG_ID='my_dag' AIRFLOW_CTX_TASK_ID='add_capsules_to_table' AIRFLOW_CTX_EXECUTION_DATE='2025-03-27T12:09:03.921919+00:00' AIRFLOW_CTX_TRY_NUMBER='1' AIRFLOW_CTX_DAG_RUN_ID='manual__2025-03-27T12:09:03.921919+00:00'
[2025-03-27T12:09:06.852+0000] {logging_mixin.py:190} INFO - Task instance is in running state
[2025-03-27T12:09:06.853+0000] {logging_mixin.py:190} INFO -  Previous state of the Task instance: queued
[2025-03-27T12:09:06.853+0000] {logging_mixin.py:190} INFO - Current task name:add_capsules_to_table state:running start_date:2025-03-27 12:09:06.496068+00:00
[2025-03-27T12:09:06.853+0000] {logging_mixin.py:190} INFO - Dag name:my_dag and current dag run status:running
[2025-03-27T12:09:06.854+0000] {taskinstance.py:732} INFO - ::endgroup::
[2025-03-27T12:09:06.863+0000] {base.py:84} INFO - Retrieving connection 'postgres_db'
[2025-03-27T12:09:10.248+0000] {main_dag.py:27} INFO - >>>>>>>> уже в  таблице
[2025-03-27T12:09:10.249+0000] {main_dag.py:27} INFO - >>>>>>>> уже в  таблице
[2025-03-27T12:09:10.249+0000] {main_dag.py:27} INFO - >>>>>>>> уже в  таблице
[2025-03-27T12:09:10.250+0000] {main_dag.py:27} INFO - >>>>>>>> уже в  таблице
[2025-03-27T12:09:10.250+0000] {main_dag.py:27} INFO - >>>>>>>> уже в  таблице
[2025-03-27T12:09:10.250+0000] {main_dag.py:27} INFO - >>>>>>>> уже в  таблице
[2025-03-27T12:09:10.251+0000] {main_dag.py:27} INFO - >>>>>>>> уже в  таблице
[2025-03-27T12:09:10.251+0000] {main_dag.py:27} INFO - >>>>>>>> уже в  таблице
[2025-03-27T12:09:10.251+0000] {main_dag.py:27} INFO - >>>>>>>> уже в  таблице
[2025-03-27T12:09:10.252+0000] {main_dag.py:27} INFO - >>>>>>>> уже в  таблице
[2025-03-27T12:09:10.252+0000] {main_dag.py:27} INFO - >>>>>>>> уже в  таблице
[2025-03-27T12:09:10.252+0000] {main_dag.py:27} INFO - >>>>>>>> уже в  таблице
[2025-03-27T12:09:10.253+0000] {main_dag.py:27} INFO - >>>>>>>> уже в  таблице
[2025-03-27T12:09:10.253+0000] {main_dag.py:27} INFO - >>>>>>>> уже в  таблице
[2025-03-27T12:09:10.254+0000] {main_dag.py:27} INFO - >>>>>>>> уже в  таблице
[2025-03-27T12:09:10.254+0000] {main_dag.py:27} INFO - >>>>>>>> уже в  таблице
[2025-03-27T12:09:10.254+0000] {main_dag.py:27} INFO - >>>>>>>> уже в  таблице
[2025-03-27T12:09:10.255+0000] {main_dag.py:27} INFO - >>>>>>>> уже в  таблице
[2025-03-27T12:09:10.255+0000] {main_dag.py:27} INFO - >>>>>>>> уже в  таблице
[2025-03-27T12:09:10.255+0000] {main_dag.py:27} INFO - >>>>>>>> уже в  таблице
[2025-03-27T12:09:10.256+0000] {main_dag.py:27} INFO - >>>>>>>> уже в  таблице
[2025-03-27T12:09:10.256+0000] {main_dag.py:27} INFO - >>>>>>>> уже в  таблице
[2025-03-27T12:09:10.256+0000] {main_dag.py:27} INFO - >>>>>>>> уже в  таблице
[2025-03-27T12:09:10.257+0000] {main_dag.py:27} INFO - >>>>>>>> уже в  таблице
[2025-03-27T12:09:10.257+0000] {main_dag.py:27} INFO - >>>>>>>> уже в  таблице
[2025-03-27T12:09:10.257+0000] {python.py:240} INFO - Done. Returned value was: None
[2025-03-27T12:09:10.268+0000] {taskinstance.py:341} INFO - ::group::Post task execution logs
[2025-03-27T12:09:10.268+0000] {taskinstance.py:353} INFO - Marking task as SUCCESS. dag_id=my_dag, task_id=add_capsules_to_table, run_id=manual__2025-03-27T12:09:03.921919+00:00, execution_date=20250327T120903, start_date=20250327T120906, end_date=20250327T120910
[2025-03-27T12:09:10.293+0000] {logging_mixin.py:190} INFO - Task instance in success state
[2025-03-27T12:09:10.294+0000] {logging_mixin.py:190} INFO -  Previous state of the Task instance: running
[2025-03-27T12:09:10.294+0000] {logging_mixin.py:190} INFO - Dag name:my_dag queued_at:2025-03-27 12:09:03.931014+00:00
[2025-03-27T12:09:10.294+0000] {logging_mixin.py:190} INFO - Task hostname:2753c0b03e32 operator:PythonOperator
[2025-03-27T12:09:10.316+0000] {local_task_job_runner.py:266} INFO - Task exited with return code 0
[2025-03-27T12:09:10.528+0000] {taskinstance.py:3901} INFO - 1 downstream tasks scheduled from follow-on schedule check
[2025-03-27T12:09:10.537+0000] {local_task_job_runner.py:245} INFO - ::endgroup::
