[2025-03-27T12:09:19.777+0000] {local_task_job_runner.py:123} INFO - ::group::Pre task execution logs
[2025-03-27T12:09:19.796+0000] {taskinstance.py:2614} INFO - Dependencies all met for dep_context=non-requeueable deps ti=<TaskInstance: my_dag.add_crew_to_table manual__2025-03-27T12:09:03.921919+00:00 [queued]>
[2025-03-27T12:09:19.804+0000] {taskinstance.py:2614} INFO - Dependencies all met for dep_context=requeueable deps ti=<TaskInstance: my_dag.add_crew_to_table manual__2025-03-27T12:09:03.921919+00:00 [queued]>
[2025-03-27T12:09:19.804+0000] {taskinstance.py:2867} INFO - Starting attempt 1 of 1
[2025-03-27T12:09:19.817+0000] {taskinstance.py:2890} INFO - Executing <Task(PythonOperator): add_crew_to_table> on 2025-03-27 12:09:03.921919+00:00
[2025-03-27T12:09:19.824+0000] {warnings.py:112} WARNING - /home/***/.local/lib/python3.12/site-packages/***/task/task_runner/standard_task_runner.py:70: DeprecationWarning: This process (pid=342) is multi-threaded, use of fork() may lead to deadlocks in the child.
  pid = os.fork()

[2025-03-27T12:09:19.825+0000] {standard_task_runner.py:72} INFO - Started process 344 to run task
[2025-03-27T12:09:19.826+0000] {standard_task_runner.py:104} INFO - Running: ['***', 'tasks', 'run', 'my_dag', 'add_crew_to_table', 'manual__2025-03-27T12:09:03.921919+00:00', '--job-id', '40', '--raw', '--subdir', 'DAGS_FOLDER/main_dag.py', '--cfg-path', '/tmp/tmpdv1pri5p']
[2025-03-27T12:09:19.827+0000] {standard_task_runner.py:105} INFO - Job 40: Subtask add_crew_to_table
[2025-03-27T12:09:20.066+0000] {task_command.py:467} INFO - Running <TaskInstance: my_dag.add_crew_to_table manual__2025-03-27T12:09:03.921919+00:00 [running]> on host 2753c0b03e32
[2025-03-27T12:09:20.137+0000] {taskinstance.py:3134} INFO - Exporting env vars: AIRFLOW_CTX_DAG_OWNER='***' AIRFLOW_CTX_DAG_ID='my_dag' AIRFLOW_CTX_TASK_ID='add_crew_to_table' AIRFLOW_CTX_EXECUTION_DATE='2025-03-27T12:09:03.921919+00:00' AIRFLOW_CTX_TRY_NUMBER='1' AIRFLOW_CTX_DAG_RUN_ID='manual__2025-03-27T12:09:03.921919+00:00'
[2025-03-27T12:09:20.138+0000] {logging_mixin.py:190} INFO - Task instance is in running state
[2025-03-27T12:09:20.139+0000] {logging_mixin.py:190} INFO -  Previous state of the Task instance: queued
[2025-03-27T12:09:20.139+0000] {logging_mixin.py:190} INFO - Current task name:add_crew_to_table state:running start_date:2025-03-27 12:09:19.796848+00:00
[2025-03-27T12:09:20.139+0000] {logging_mixin.py:190} INFO - Dag name:my_dag and current dag run status:running
[2025-03-27T12:09:20.140+0000] {taskinstance.py:732} INFO - ::endgroup::
[2025-03-27T12:09:20.149+0000] {base.py:84} INFO - Retrieving connection 'postgres_db'
[2025-03-27T12:09:24.783+0000] {main_dag.py:27} INFO - >>>>>>>> уже в  таблице
[2025-03-27T12:09:24.783+0000] {main_dag.py:27} INFO - >>>>>>>> уже в  таблице
[2025-03-27T12:09:24.783+0000] {main_dag.py:27} INFO - >>>>>>>> уже в  таблице
[2025-03-27T12:09:24.784+0000] {main_dag.py:27} INFO - >>>>>>>> уже в  таблице
[2025-03-27T12:09:24.784+0000] {main_dag.py:27} INFO - >>>>>>>> уже в  таблице
[2025-03-27T12:09:24.784+0000] {main_dag.py:27} INFO - >>>>>>>> уже в  таблице
[2025-03-27T12:09:24.785+0000] {main_dag.py:27} INFO - >>>>>>>> уже в  таблице
[2025-03-27T12:09:24.785+0000] {main_dag.py:27} INFO - >>>>>>>> уже в  таблице
[2025-03-27T12:09:24.785+0000] {main_dag.py:27} INFO - >>>>>>>> уже в  таблице
[2025-03-27T12:09:24.786+0000] {main_dag.py:27} INFO - >>>>>>>> уже в  таблице
[2025-03-27T12:09:24.786+0000] {main_dag.py:27} INFO - >>>>>>>> уже в  таблице
[2025-03-27T12:09:24.786+0000] {main_dag.py:27} INFO - >>>>>>>> уже в  таблице
[2025-03-27T12:09:24.786+0000] {main_dag.py:27} INFO - >>>>>>>> уже в  таблице
[2025-03-27T12:09:24.787+0000] {main_dag.py:27} INFO - >>>>>>>> уже в  таблице
[2025-03-27T12:09:24.787+0000] {main_dag.py:27} INFO - >>>>>>>> уже в  таблице
[2025-03-27T12:09:24.787+0000] {main_dag.py:27} INFO - >>>>>>>> уже в  таблице
[2025-03-27T12:09:24.788+0000] {main_dag.py:27} INFO - >>>>>>>> уже в  таблице
[2025-03-27T12:09:24.788+0000] {main_dag.py:27} INFO - >>>>>>>> уже в  таблице
[2025-03-27T12:09:24.788+0000] {main_dag.py:27} INFO - >>>>>>>> уже в  таблице
[2025-03-27T12:09:24.788+0000] {main_dag.py:27} INFO - >>>>>>>> уже в  таблице
[2025-03-27T12:09:24.789+0000] {main_dag.py:27} INFO - >>>>>>>> уже в  таблице
[2025-03-27T12:09:24.789+0000] {main_dag.py:27} INFO - >>>>>>>> уже в  таблице
[2025-03-27T12:09:24.789+0000] {main_dag.py:27} INFO - >>>>>>>> уже в  таблице
[2025-03-27T12:09:24.790+0000] {main_dag.py:27} INFO - >>>>>>>> уже в  таблице
[2025-03-27T12:09:24.790+0000] {main_dag.py:27} INFO - >>>>>>>> уже в  таблице
[2025-03-27T12:09:24.790+0000] {main_dag.py:27} INFO - >>>>>>>> уже в  таблице
[2025-03-27T12:09:24.790+0000] {main_dag.py:27} INFO - >>>>>>>> уже в  таблице
[2025-03-27T12:09:24.791+0000] {main_dag.py:27} INFO - >>>>>>>> уже в  таблице
[2025-03-27T12:09:24.791+0000] {main_dag.py:27} INFO - >>>>>>>> уже в  таблице
[2025-03-27T12:09:24.791+0000] {main_dag.py:27} INFO - >>>>>>>> уже в  таблице
[2025-03-27T12:09:24.792+0000] {python.py:240} INFO - Done. Returned value was: None
[2025-03-27T12:09:24.801+0000] {taskinstance.py:341} INFO - ::group::Post task execution logs
[2025-03-27T12:09:24.801+0000] {taskinstance.py:353} INFO - Marking task as SUCCESS. dag_id=my_dag, task_id=add_crew_to_table, run_id=manual__2025-03-27T12:09:03.921919+00:00, execution_date=20250327T120903, start_date=20250327T120919, end_date=20250327T120924
[2025-03-27T12:09:24.829+0000] {logging_mixin.py:190} INFO - Task instance in success state
[2025-03-27T12:09:24.830+0000] {logging_mixin.py:190} INFO -  Previous state of the Task instance: running
[2025-03-27T12:09:24.830+0000] {logging_mixin.py:190} INFO - Dag name:my_dag queued_at:2025-03-27 12:09:03.931014+00:00
[2025-03-27T12:09:24.830+0000] {logging_mixin.py:190} INFO - Task hostname:2753c0b03e32 operator:PythonOperator
[2025-03-27T12:09:24.849+0000] {local_task_job_runner.py:266} INFO - Task exited with return code 0
[2025-03-27T12:09:25.036+0000] {taskinstance.py:3901} INFO - 1 downstream tasks scheduled from follow-on schedule check
[2025-03-27T12:09:25.038+0000] {local_task_job_runner.py:245} INFO - ::endgroup::
