[2025-03-23T10:36:21.013+0000] {processor.py:186} INFO - Started process (PID=3144) to work on /opt/airflow/dags/spaceX-api.py
[2025-03-23T10:36:21.013+0000] {processor.py:914} INFO - Processing file /opt/airflow/dags/spaceX-api.py for tasks to queue
[2025-03-23T10:36:21.015+0000] {logging_mixin.py:190} INFO - [2025-03-23T10:36:21.015+0000] {dagbag.py:588} INFO - Filling up the DagBag from /opt/airflow/dags/spaceX-api.py
[2025-03-23T10:36:21.024+0000] {processor.py:925} INFO - DAG(s) 'tutorial_taskflow_api' retrieved from /opt/airflow/dags/spaceX-api.py
[2025-03-23T10:36:21.108+0000] {logging_mixin.py:190} INFO - [2025-03-23T10:36:21.108+0000] {dag.py:3239} INFO - Sync 1 DAGs
[2025-03-23T10:36:21.119+0000] {logging_mixin.py:190} INFO - [2025-03-23T10:36:21.118+0000] {dag.py:4180} INFO - Setting next_dagrun for tutorial_taskflow_api to None, run_after=None
[2025-03-23T10:36:21.136+0000] {processor.py:208} INFO - Processing /opt/airflow/dags/spaceX-api.py took 0.128 seconds
[2025-03-23T10:36:51.176+0000] {processor.py:186} INFO - Started process (PID=3208) to work on /opt/airflow/dags/spaceX-api.py
[2025-03-23T10:36:51.176+0000] {processor.py:914} INFO - Processing file /opt/airflow/dags/spaceX-api.py for tasks to queue
[2025-03-23T10:36:51.179+0000] {logging_mixin.py:190} INFO - [2025-03-23T10:36:51.178+0000] {dagbag.py:588} INFO - Filling up the DagBag from /opt/airflow/dags/spaceX-api.py
[2025-03-23T10:36:51.187+0000] {processor.py:925} INFO - DAG(s) 'tutorial_taskflow_api' retrieved from /opt/airflow/dags/spaceX-api.py
[2025-03-23T10:36:51.203+0000] {logging_mixin.py:190} INFO - [2025-03-23T10:36:51.203+0000] {dag.py:3239} INFO - Sync 1 DAGs
[2025-03-23T10:36:51.214+0000] {logging_mixin.py:190} INFO - [2025-03-23T10:36:51.214+0000] {dag.py:4180} INFO - Setting next_dagrun for tutorial_taskflow_api to None, run_after=None
[2025-03-23T10:36:51.231+0000] {processor.py:208} INFO - Processing /opt/airflow/dags/spaceX-api.py took 0.060 seconds
[2025-03-23T10:37:21.341+0000] {processor.py:186} INFO - Started process (PID=3272) to work on /opt/airflow/dags/spaceX-api.py
[2025-03-23T10:37:21.342+0000] {processor.py:914} INFO - Processing file /opt/airflow/dags/spaceX-api.py for tasks to queue
[2025-03-23T10:37:21.344+0000] {logging_mixin.py:190} INFO - [2025-03-23T10:37:21.344+0000] {dagbag.py:588} INFO - Filling up the DagBag from /opt/airflow/dags/spaceX-api.py
[2025-03-23T10:37:21.351+0000] {processor.py:925} INFO - DAG(s) 'tutorial_taskflow_api' retrieved from /opt/airflow/dags/spaceX-api.py
[2025-03-23T10:37:21.362+0000] {logging_mixin.py:190} INFO - [2025-03-23T10:37:21.361+0000] {dag.py:3239} INFO - Sync 1 DAGs
[2025-03-23T10:37:21.374+0000] {logging_mixin.py:190} INFO - [2025-03-23T10:37:21.374+0000] {dag.py:4180} INFO - Setting next_dagrun for tutorial_taskflow_api to None, run_after=None
[2025-03-23T10:37:21.389+0000] {processor.py:208} INFO - Processing /opt/airflow/dags/spaceX-api.py took 0.052 seconds
[2025-03-23T10:37:51.705+0000] {processor.py:186} INFO - Started process (PID=3336) to work on /opt/airflow/dags/spaceX-api.py
[2025-03-23T10:37:51.706+0000] {processor.py:914} INFO - Processing file /opt/airflow/dags/spaceX-api.py for tasks to queue
[2025-03-23T10:37:51.708+0000] {logging_mixin.py:190} INFO - [2025-03-23T10:37:51.707+0000] {dagbag.py:588} INFO - Filling up the DagBag from /opt/airflow/dags/spaceX-api.py
[2025-03-23T10:37:51.714+0000] {processor.py:925} INFO - DAG(s) 'tutorial_taskflow_api' retrieved from /opt/airflow/dags/spaceX-api.py
[2025-03-23T10:37:51.804+0000] {logging_mixin.py:190} INFO - [2025-03-23T10:37:51.804+0000] {dag.py:3239} INFO - Sync 1 DAGs
[2025-03-23T10:37:51.814+0000] {logging_mixin.py:190} INFO - [2025-03-23T10:37:51.814+0000] {dag.py:4180} INFO - Setting next_dagrun for tutorial_taskflow_api to None, run_after=None
[2025-03-23T10:37:51.828+0000] {processor.py:208} INFO - Processing /opt/airflow/dags/spaceX-api.py took 0.128 seconds
[2025-03-23T10:38:21.876+0000] {processor.py:186} INFO - Started process (PID=3401) to work on /opt/airflow/dags/spaceX-api.py
[2025-03-23T10:38:21.876+0000] {processor.py:914} INFO - Processing file /opt/airflow/dags/spaceX-api.py for tasks to queue
[2025-03-23T10:38:21.878+0000] {logging_mixin.py:190} INFO - [2025-03-23T10:38:21.878+0000] {dagbag.py:588} INFO - Filling up the DagBag from /opt/airflow/dags/spaceX-api.py
[2025-03-23T10:38:21.885+0000] {processor.py:925} INFO - DAG(s) 'tutorial_taskflow_api' retrieved from /opt/airflow/dags/spaceX-api.py
[2025-03-23T10:38:21.900+0000] {logging_mixin.py:190} INFO - [2025-03-23T10:38:21.900+0000] {dag.py:3239} INFO - Sync 1 DAGs
[2025-03-23T10:38:21.910+0000] {logging_mixin.py:190} INFO - [2025-03-23T10:38:21.910+0000] {dag.py:4180} INFO - Setting next_dagrun for tutorial_taskflow_api to None, run_after=None
[2025-03-23T10:38:21.923+0000] {processor.py:208} INFO - Processing /opt/airflow/dags/spaceX-api.py took 0.051 seconds
[2025-03-23T10:38:51.959+0000] {processor.py:186} INFO - Started process (PID=3465) to work on /opt/airflow/dags/spaceX-api.py
[2025-03-23T10:38:51.960+0000] {processor.py:914} INFO - Processing file /opt/airflow/dags/spaceX-api.py for tasks to queue
[2025-03-23T10:38:51.961+0000] {logging_mixin.py:190} INFO - [2025-03-23T10:38:51.961+0000] {dagbag.py:588} INFO - Filling up the DagBag from /opt/airflow/dags/spaceX-api.py
[2025-03-23T10:38:51.968+0000] {processor.py:925} INFO - DAG(s) 'tutorial_taskflow_api' retrieved from /opt/airflow/dags/spaceX-api.py
[2025-03-23T10:38:51.977+0000] {logging_mixin.py:190} INFO - [2025-03-23T10:38:51.977+0000] {dag.py:3239} INFO - Sync 1 DAGs
[2025-03-23T10:38:51.989+0000] {logging_mixin.py:190} INFO - [2025-03-23T10:38:51.989+0000] {dag.py:4180} INFO - Setting next_dagrun for tutorial_taskflow_api to None, run_after=None
[2025-03-23T10:38:52.001+0000] {processor.py:208} INFO - Processing /opt/airflow/dags/spaceX-api.py took 0.047 seconds
[2025-03-23T10:39:22.335+0000] {processor.py:186} INFO - Started process (PID=3528) to work on /opt/airflow/dags/spaceX-api.py
[2025-03-23T10:39:22.335+0000] {processor.py:914} INFO - Processing file /opt/airflow/dags/spaceX-api.py for tasks to queue
[2025-03-23T10:39:22.338+0000] {logging_mixin.py:190} INFO - [2025-03-23T10:39:22.337+0000] {dagbag.py:588} INFO - Filling up the DagBag from /opt/airflow/dags/spaceX-api.py
[2025-03-23T10:39:22.344+0000] {processor.py:925} INFO - DAG(s) 'tutorial_taskflow_api' retrieved from /opt/airflow/dags/spaceX-api.py
[2025-03-23T10:39:22.435+0000] {logging_mixin.py:190} INFO - [2025-03-23T10:39:22.435+0000] {dag.py:3239} INFO - Sync 1 DAGs
[2025-03-23T10:39:22.444+0000] {logging_mixin.py:190} INFO - [2025-03-23T10:39:22.444+0000] {dag.py:4180} INFO - Setting next_dagrun for tutorial_taskflow_api to None, run_after=None
[2025-03-23T10:39:22.458+0000] {processor.py:208} INFO - Processing /opt/airflow/dags/spaceX-api.py took 0.127 seconds
[2025-03-23T10:39:52.636+0000] {processor.py:186} INFO - Started process (PID=3592) to work on /opt/airflow/dags/spaceX-api.py
[2025-03-23T10:39:52.636+0000] {processor.py:914} INFO - Processing file /opt/airflow/dags/spaceX-api.py for tasks to queue
[2025-03-23T10:39:52.638+0000] {logging_mixin.py:190} INFO - [2025-03-23T10:39:52.638+0000] {dagbag.py:588} INFO - Filling up the DagBag from /opt/airflow/dags/spaceX-api.py
[2025-03-23T10:39:52.646+0000] {processor.py:925} INFO - DAG(s) 'tutorial_taskflow_api' retrieved from /opt/airflow/dags/spaceX-api.py
[2025-03-23T10:39:52.662+0000] {logging_mixin.py:190} INFO - [2025-03-23T10:39:52.662+0000] {dag.py:3239} INFO - Sync 1 DAGs
[2025-03-23T10:39:52.673+0000] {logging_mixin.py:190} INFO - [2025-03-23T10:39:52.673+0000] {dag.py:4180} INFO - Setting next_dagrun for tutorial_taskflow_api to None, run_after=None
[2025-03-23T10:39:52.699+0000] {processor.py:208} INFO - Processing /opt/airflow/dags/spaceX-api.py took 0.067 seconds
[2025-03-23T10:40:23.166+0000] {processor.py:186} INFO - Started process (PID=3656) to work on /opt/airflow/dags/spaceX-api.py
[2025-03-23T10:40:23.166+0000] {processor.py:914} INFO - Processing file /opt/airflow/dags/spaceX-api.py for tasks to queue
[2025-03-23T10:40:23.169+0000] {logging_mixin.py:190} INFO - [2025-03-23T10:40:23.168+0000] {dagbag.py:588} INFO - Filling up the DagBag from /opt/airflow/dags/spaceX-api.py
[2025-03-23T10:40:23.176+0000] {processor.py:925} INFO - DAG(s) 'tutorial_taskflow_api' retrieved from /opt/airflow/dags/spaceX-api.py
[2025-03-23T10:40:23.192+0000] {logging_mixin.py:190} INFO - [2025-03-23T10:40:23.192+0000] {dag.py:3239} INFO - Sync 1 DAGs
[2025-03-23T10:40:23.206+0000] {logging_mixin.py:190} INFO - [2025-03-23T10:40:23.205+0000] {dag.py:4180} INFO - Setting next_dagrun for tutorial_taskflow_api to None, run_after=None
[2025-03-23T10:40:23.234+0000] {processor.py:208} INFO - Processing /opt/airflow/dags/spaceX-api.py took 0.073 seconds
[2025-03-23T10:40:53.573+0000] {processor.py:186} INFO - Started process (PID=3720) to work on /opt/airflow/dags/spaceX-api.py
[2025-03-23T10:40:53.574+0000] {processor.py:914} INFO - Processing file /opt/airflow/dags/spaceX-api.py for tasks to queue
[2025-03-23T10:40:53.576+0000] {logging_mixin.py:190} INFO - [2025-03-23T10:40:53.576+0000] {dagbag.py:588} INFO - Filling up the DagBag from /opt/airflow/dags/spaceX-api.py
[2025-03-23T10:40:53.584+0000] {processor.py:925} INFO - DAG(s) 'tutorial_taskflow_api' retrieved from /opt/airflow/dags/spaceX-api.py
[2025-03-23T10:40:53.674+0000] {logging_mixin.py:190} INFO - [2025-03-23T10:40:53.674+0000] {dag.py:3239} INFO - Sync 1 DAGs
[2025-03-23T10:40:53.684+0000] {logging_mixin.py:190} INFO - [2025-03-23T10:40:53.683+0000] {dag.py:4180} INFO - Setting next_dagrun for tutorial_taskflow_api to None, run_after=None
[2025-03-23T10:40:53.698+0000] {processor.py:208} INFO - Processing /opt/airflow/dags/spaceX-api.py took 0.129 seconds
[2025-03-23T10:41:23.894+0000] {processor.py:186} INFO - Started process (PID=3784) to work on /opt/airflow/dags/spaceX-api.py
[2025-03-23T10:41:23.895+0000] {processor.py:914} INFO - Processing file /opt/airflow/dags/spaceX-api.py for tasks to queue
[2025-03-23T10:41:23.897+0000] {logging_mixin.py:190} INFO - [2025-03-23T10:41:23.897+0000] {dagbag.py:588} INFO - Filling up the DagBag from /opt/airflow/dags/spaceX-api.py
[2025-03-23T10:41:23.905+0000] {processor.py:925} INFO - DAG(s) 'tutorial_taskflow_api' retrieved from /opt/airflow/dags/spaceX-api.py
[2025-03-23T10:41:23.925+0000] {logging_mixin.py:190} INFO - [2025-03-23T10:41:23.925+0000] {dag.py:3239} INFO - Sync 1 DAGs
[2025-03-23T10:41:23.938+0000] {logging_mixin.py:190} INFO - [2025-03-23T10:41:23.938+0000] {dag.py:4180} INFO - Setting next_dagrun for tutorial_taskflow_api to None, run_after=None
[2025-03-23T10:41:23.963+0000] {processor.py:208} INFO - Processing /opt/airflow/dags/spaceX-api.py took 0.073 seconds
[2025-03-23T10:41:54.296+0000] {processor.py:186} INFO - Started process (PID=3848) to work on /opt/airflow/dags/spaceX-api.py
[2025-03-23T10:41:54.297+0000] {processor.py:914} INFO - Processing file /opt/airflow/dags/spaceX-api.py for tasks to queue
[2025-03-23T10:41:54.300+0000] {logging_mixin.py:190} INFO - [2025-03-23T10:41:54.300+0000] {dagbag.py:588} INFO - Filling up the DagBag from /opt/airflow/dags/spaceX-api.py
[2025-03-23T10:41:54.309+0000] {processor.py:925} INFO - DAG(s) 'tutorial_taskflow_api' retrieved from /opt/airflow/dags/spaceX-api.py
[2025-03-23T10:41:54.322+0000] {logging_mixin.py:190} INFO - [2025-03-23T10:41:54.321+0000] {dag.py:3239} INFO - Sync 1 DAGs
[2025-03-23T10:41:54.337+0000] {logging_mixin.py:190} INFO - [2025-03-23T10:41:54.337+0000] {dag.py:4180} INFO - Setting next_dagrun for tutorial_taskflow_api to None, run_after=None
[2025-03-23T10:41:54.363+0000] {processor.py:208} INFO - Processing /opt/airflow/dags/spaceX-api.py took 0.071 seconds
[2025-03-23T10:42:24.435+0000] {processor.py:186} INFO - Started process (PID=3912) to work on /opt/airflow/dags/spaceX-api.py
[2025-03-23T10:42:24.435+0000] {processor.py:914} INFO - Processing file /opt/airflow/dags/spaceX-api.py for tasks to queue
[2025-03-23T10:42:24.438+0000] {logging_mixin.py:190} INFO - [2025-03-23T10:42:24.438+0000] {dagbag.py:588} INFO - Filling up the DagBag from /opt/airflow/dags/spaceX-api.py
[2025-03-23T10:42:24.445+0000] {processor.py:925} INFO - DAG(s) 'tutorial_taskflow_api' retrieved from /opt/airflow/dags/spaceX-api.py
[2025-03-23T10:42:24.674+0000] {logging_mixin.py:190} INFO - [2025-03-23T10:42:24.674+0000] {dag.py:3239} INFO - Sync 1 DAGs
[2025-03-23T10:42:24.682+0000] {logging_mixin.py:190} INFO - [2025-03-23T10:42:24.682+0000] {dag.py:4180} INFO - Setting next_dagrun for tutorial_taskflow_api to None, run_after=None
[2025-03-23T10:42:24.702+0000] {processor.py:208} INFO - Processing /opt/airflow/dags/spaceX-api.py took 0.272 seconds
[2025-03-23T10:42:55.665+0000] {processor.py:186} INFO - Started process (PID=3977) to work on /opt/airflow/dags/spaceX-api.py
[2025-03-23T10:42:55.666+0000] {processor.py:914} INFO - Processing file /opt/airflow/dags/spaceX-api.py for tasks to queue
[2025-03-23T10:42:55.668+0000] {logging_mixin.py:190} INFO - [2025-03-23T10:42:55.668+0000] {dagbag.py:588} INFO - Filling up the DagBag from /opt/airflow/dags/spaceX-api.py
[2025-03-23T10:42:55.676+0000] {processor.py:925} INFO - DAG(s) 'tutorial_taskflow_api' retrieved from /opt/airflow/dags/spaceX-api.py
[2025-03-23T10:42:55.692+0000] {logging_mixin.py:190} INFO - [2025-03-23T10:42:55.692+0000] {dag.py:3239} INFO - Sync 1 DAGs
[2025-03-23T10:42:55.702+0000] {logging_mixin.py:190} INFO - [2025-03-23T10:42:55.702+0000] {dag.py:4180} INFO - Setting next_dagrun for tutorial_taskflow_api to None, run_after=None
[2025-03-23T10:42:55.721+0000] {processor.py:208} INFO - Processing /opt/airflow/dags/spaceX-api.py took 0.060 seconds
[2025-03-23T10:43:25.797+0000] {processor.py:186} INFO - Started process (PID=4041) to work on /opt/airflow/dags/spaceX-api.py
[2025-03-23T10:43:25.798+0000] {processor.py:914} INFO - Processing file /opt/airflow/dags/spaceX-api.py for tasks to queue
[2025-03-23T10:43:25.800+0000] {logging_mixin.py:190} INFO - [2025-03-23T10:43:25.800+0000] {dagbag.py:588} INFO - Filling up the DagBag from /opt/airflow/dags/spaceX-api.py
[2025-03-23T10:43:25.808+0000] {processor.py:925} INFO - DAG(s) 'tutorial_taskflow_api' retrieved from /opt/airflow/dags/spaceX-api.py
[2025-03-23T10:43:25.819+0000] {logging_mixin.py:190} INFO - [2025-03-23T10:43:25.819+0000] {dag.py:3239} INFO - Sync 1 DAGs
[2025-03-23T10:43:25.830+0000] {logging_mixin.py:190} INFO - [2025-03-23T10:43:25.830+0000] {dag.py:4180} INFO - Setting next_dagrun for tutorial_taskflow_api to None, run_after=None
[2025-03-23T10:43:25.853+0000] {processor.py:208} INFO - Processing /opt/airflow/dags/spaceX-api.py took 0.060 seconds
[2025-03-23T10:43:56.143+0000] {processor.py:186} INFO - Started process (PID=4105) to work on /opt/airflow/dags/spaceX-api.py
[2025-03-23T10:43:56.144+0000] {processor.py:914} INFO - Processing file /opt/airflow/dags/spaceX-api.py for tasks to queue
[2025-03-23T10:43:56.146+0000] {logging_mixin.py:190} INFO - [2025-03-23T10:43:56.146+0000] {dagbag.py:588} INFO - Filling up the DagBag from /opt/airflow/dags/spaceX-api.py
[2025-03-23T10:43:56.153+0000] {processor.py:925} INFO - DAG(s) 'tutorial_taskflow_api' retrieved from /opt/airflow/dags/spaceX-api.py
[2025-03-23T10:43:56.250+0000] {logging_mixin.py:190} INFO - [2025-03-23T10:43:56.250+0000] {dag.py:3239} INFO - Sync 1 DAGs
[2025-03-23T10:43:56.262+0000] {logging_mixin.py:190} INFO - [2025-03-23T10:43:56.262+0000] {dag.py:4180} INFO - Setting next_dagrun for tutorial_taskflow_api to None, run_after=None
[2025-03-23T10:43:56.286+0000] {processor.py:208} INFO - Processing /opt/airflow/dags/spaceX-api.py took 0.147 seconds
[2025-03-23T10:44:26.826+0000] {processor.py:186} INFO - Started process (PID=4169) to work on /opt/airflow/dags/spaceX-api.py
[2025-03-23T10:44:26.827+0000] {processor.py:914} INFO - Processing file /opt/airflow/dags/spaceX-api.py for tasks to queue
[2025-03-23T10:44:26.829+0000] {logging_mixin.py:190} INFO - [2025-03-23T10:44:26.828+0000] {dagbag.py:588} INFO - Filling up the DagBag from /opt/airflow/dags/spaceX-api.py
[2025-03-23T10:44:26.836+0000] {processor.py:925} INFO - DAG(s) 'tutorial_taskflow_api' retrieved from /opt/airflow/dags/spaceX-api.py
[2025-03-23T10:44:26.854+0000] {logging_mixin.py:190} INFO - [2025-03-23T10:44:26.853+0000] {dag.py:3239} INFO - Sync 1 DAGs
[2025-03-23T10:44:26.865+0000] {logging_mixin.py:190} INFO - [2025-03-23T10:44:26.864+0000] {dag.py:4180} INFO - Setting next_dagrun for tutorial_taskflow_api to None, run_after=None
[2025-03-23T10:44:26.888+0000] {processor.py:208} INFO - Processing /opt/airflow/dags/spaceX-api.py took 0.066 seconds
[2025-03-23T10:44:57.499+0000] {processor.py:186} INFO - Started process (PID=4239) to work on /opt/airflow/dags/spaceX-api.py
[2025-03-23T10:44:57.501+0000] {processor.py:914} INFO - Processing file /opt/airflow/dags/spaceX-api.py for tasks to queue
[2025-03-23T10:44:57.503+0000] {logging_mixin.py:190} INFO - [2025-03-23T10:44:57.503+0000] {dagbag.py:588} INFO - Filling up the DagBag from /opt/airflow/dags/spaceX-api.py
[2025-03-23T10:44:57.512+0000] {processor.py:925} INFO - DAG(s) 'tutorial_taskflow_api' retrieved from /opt/airflow/dags/spaceX-api.py
[2025-03-23T10:44:57.525+0000] {logging_mixin.py:190} INFO - [2025-03-23T10:44:57.524+0000] {dag.py:3239} INFO - Sync 1 DAGs
[2025-03-23T10:44:57.539+0000] {logging_mixin.py:190} INFO - [2025-03-23T10:44:57.539+0000] {dag.py:4180} INFO - Setting next_dagrun for tutorial_taskflow_api to None, run_after=None
[2025-03-23T10:44:57.563+0000] {processor.py:208} INFO - Processing /opt/airflow/dags/spaceX-api.py took 0.072 seconds
[2025-03-23T10:45:28.275+0000] {processor.py:186} INFO - Started process (PID=4303) to work on /opt/airflow/dags/spaceX-api.py
[2025-03-23T10:45:28.276+0000] {processor.py:914} INFO - Processing file /opt/airflow/dags/spaceX-api.py for tasks to queue
[2025-03-23T10:45:28.278+0000] {logging_mixin.py:190} INFO - [2025-03-23T10:45:28.278+0000] {dagbag.py:588} INFO - Filling up the DagBag from /opt/airflow/dags/spaceX-api.py
[2025-03-23T10:45:28.285+0000] {processor.py:925} INFO - DAG(s) 'tutorial_taskflow_api' retrieved from /opt/airflow/dags/spaceX-api.py
[2025-03-23T10:45:28.511+0000] {logging_mixin.py:190} INFO - [2025-03-23T10:45:28.511+0000] {dag.py:3239} INFO - Sync 1 DAGs
[2025-03-23T10:45:28.522+0000] {logging_mixin.py:190} INFO - [2025-03-23T10:45:28.521+0000] {dag.py:4180} INFO - Setting next_dagrun for tutorial_taskflow_api to None, run_after=None
[2025-03-23T10:45:28.538+0000] {processor.py:208} INFO - Processing /opt/airflow/dags/spaceX-api.py took 0.268 seconds
[2025-03-23T10:45:59.014+0000] {processor.py:186} INFO - Started process (PID=4367) to work on /opt/airflow/dags/spaceX-api.py
[2025-03-23T10:45:59.015+0000] {processor.py:914} INFO - Processing file /opt/airflow/dags/spaceX-api.py for tasks to queue
[2025-03-23T10:45:59.017+0000] {logging_mixin.py:190} INFO - [2025-03-23T10:45:59.016+0000] {dagbag.py:588} INFO - Filling up the DagBag from /opt/airflow/dags/spaceX-api.py
[2025-03-23T10:45:59.023+0000] {processor.py:925} INFO - DAG(s) 'tutorial_taskflow_api' retrieved from /opt/airflow/dags/spaceX-api.py
[2025-03-23T10:45:59.038+0000] {logging_mixin.py:190} INFO - [2025-03-23T10:45:59.038+0000] {dag.py:3239} INFO - Sync 1 DAGs
[2025-03-23T10:45:59.048+0000] {logging_mixin.py:190} INFO - [2025-03-23T10:45:59.048+0000] {dag.py:4180} INFO - Setting next_dagrun for tutorial_taskflow_api to None, run_after=None
[2025-03-23T10:45:59.063+0000] {processor.py:208} INFO - Processing /opt/airflow/dags/spaceX-api.py took 0.054 seconds
[2025-03-23T10:46:29.103+0000] {processor.py:186} INFO - Started process (PID=4431) to work on /opt/airflow/dags/spaceX-api.py
[2025-03-23T10:46:29.104+0000] {processor.py:914} INFO - Processing file /opt/airflow/dags/spaceX-api.py for tasks to queue
[2025-03-23T10:46:29.106+0000] {logging_mixin.py:190} INFO - [2025-03-23T10:46:29.106+0000] {dagbag.py:588} INFO - Filling up the DagBag from /opt/airflow/dags/spaceX-api.py
[2025-03-23T10:46:29.112+0000] {processor.py:925} INFO - DAG(s) 'tutorial_taskflow_api' retrieved from /opt/airflow/dags/spaceX-api.py
[2025-03-23T10:46:29.121+0000] {logging_mixin.py:190} INFO - [2025-03-23T10:46:29.121+0000] {dag.py:3239} INFO - Sync 1 DAGs
[2025-03-23T10:46:29.132+0000] {logging_mixin.py:190} INFO - [2025-03-23T10:46:29.132+0000] {dag.py:4180} INFO - Setting next_dagrun for tutorial_taskflow_api to None, run_after=None
[2025-03-23T10:46:29.144+0000] {processor.py:208} INFO - Processing /opt/airflow/dags/spaceX-api.py took 0.045 seconds
[2025-03-23T10:46:59.479+0000] {processor.py:186} INFO - Started process (PID=4494) to work on /opt/airflow/dags/spaceX-api.py
[2025-03-23T10:46:59.480+0000] {processor.py:914} INFO - Processing file /opt/airflow/dags/spaceX-api.py for tasks to queue
[2025-03-23T10:46:59.482+0000] {logging_mixin.py:190} INFO - [2025-03-23T10:46:59.481+0000] {dagbag.py:588} INFO - Filling up the DagBag from /opt/airflow/dags/spaceX-api.py
[2025-03-23T10:46:59.489+0000] {processor.py:925} INFO - DAG(s) 'tutorial_taskflow_api' retrieved from /opt/airflow/dags/spaceX-api.py
[2025-03-23T10:46:59.575+0000] {logging_mixin.py:190} INFO - [2025-03-23T10:46:59.575+0000] {dag.py:3239} INFO - Sync 1 DAGs
[2025-03-23T10:46:59.583+0000] {logging_mixin.py:190} INFO - [2025-03-23T10:46:59.583+0000] {dag.py:4180} INFO - Setting next_dagrun for tutorial_taskflow_api to None, run_after=None
[2025-03-23T10:46:59.596+0000] {processor.py:208} INFO - Processing /opt/airflow/dags/spaceX-api.py took 0.121 seconds
[2025-03-23T10:47:29.880+0000] {processor.py:186} INFO - Started process (PID=4558) to work on /opt/airflow/dags/spaceX-api.py
[2025-03-23T10:47:29.881+0000] {processor.py:914} INFO - Processing file /opt/airflow/dags/spaceX-api.py for tasks to queue
[2025-03-23T10:47:29.883+0000] {logging_mixin.py:190} INFO - [2025-03-23T10:47:29.882+0000] {dagbag.py:588} INFO - Filling up the DagBag from /opt/airflow/dags/spaceX-api.py
[2025-03-23T10:47:29.890+0000] {processor.py:925} INFO - DAG(s) 'tutorial_taskflow_api' retrieved from /opt/airflow/dags/spaceX-api.py
[2025-03-23T10:47:29.905+0000] {logging_mixin.py:190} INFO - [2025-03-23T10:47:29.905+0000] {dag.py:3239} INFO - Sync 1 DAGs
[2025-03-23T10:47:29.917+0000] {logging_mixin.py:190} INFO - [2025-03-23T10:47:29.917+0000] {dag.py:4180} INFO - Setting next_dagrun for tutorial_taskflow_api to None, run_after=None
[2025-03-23T10:47:29.939+0000] {processor.py:208} INFO - Processing /opt/airflow/dags/spaceX-api.py took 0.063 seconds
[2025-03-23T10:47:43.926+0000] {processor.py:186} INFO - Started process (PID=4610) to work on /opt/airflow/dags/spaceX-api.py
[2025-03-23T10:47:43.927+0000] {processor.py:914} INFO - Processing file /opt/airflow/dags/spaceX-api.py for tasks to queue
[2025-03-23T10:47:43.929+0000] {logging_mixin.py:190} INFO - [2025-03-23T10:47:43.929+0000] {dagbag.py:588} INFO - Filling up the DagBag from /opt/airflow/dags/spaceX-api.py
[2025-03-23T10:47:43.933+0000] {processor.py:927} WARNING - No viable dags retrieved from /opt/airflow/dags/spaceX-api.py
[2025-03-23T10:47:43.943+0000] {processor.py:208} INFO - Processing /opt/airflow/dags/spaceX-api.py took 0.022 seconds
[2025-03-23T10:48:14.526+0000] {processor.py:186} INFO - Started process (PID=4674) to work on /opt/airflow/dags/spaceX-api.py
[2025-03-23T10:48:14.527+0000] {processor.py:914} INFO - Processing file /opt/airflow/dags/spaceX-api.py for tasks to queue
[2025-03-23T10:48:14.529+0000] {logging_mixin.py:190} INFO - [2025-03-23T10:48:14.529+0000] {dagbag.py:588} INFO - Filling up the DagBag from /opt/airflow/dags/spaceX-api.py
[2025-03-23T10:48:14.532+0000] {processor.py:927} WARNING - No viable dags retrieved from /opt/airflow/dags/spaceX-api.py
[2025-03-23T10:48:14.540+0000] {processor.py:208} INFO - Processing /opt/airflow/dags/spaceX-api.py took 0.018 seconds
[2025-03-23T10:48:44.894+0000] {processor.py:186} INFO - Started process (PID=4738) to work on /opt/airflow/dags/spaceX-api.py
[2025-03-23T10:48:44.894+0000] {processor.py:914} INFO - Processing file /opt/airflow/dags/spaceX-api.py for tasks to queue
[2025-03-23T10:48:44.896+0000] {logging_mixin.py:190} INFO - [2025-03-23T10:48:44.896+0000] {dagbag.py:588} INFO - Filling up the DagBag from /opt/airflow/dags/spaceX-api.py
[2025-03-23T10:48:44.898+0000] {processor.py:927} WARNING - No viable dags retrieved from /opt/airflow/dags/spaceX-api.py
[2025-03-23T10:48:44.907+0000] {processor.py:208} INFO - Processing /opt/airflow/dags/spaceX-api.py took 0.018 seconds
[2025-03-23T10:49:15.438+0000] {processor.py:186} INFO - Started process (PID=4802) to work on /opt/airflow/dags/spaceX-api.py
[2025-03-23T10:49:15.438+0000] {processor.py:914} INFO - Processing file /opt/airflow/dags/spaceX-api.py for tasks to queue
[2025-03-23T10:49:15.440+0000] {logging_mixin.py:190} INFO - [2025-03-23T10:49:15.440+0000] {dagbag.py:588} INFO - Filling up the DagBag from /opt/airflow/dags/spaceX-api.py
[2025-03-23T10:49:15.442+0000] {processor.py:927} WARNING - No viable dags retrieved from /opt/airflow/dags/spaceX-api.py
[2025-03-23T10:49:15.451+0000] {processor.py:208} INFO - Processing /opt/airflow/dags/spaceX-api.py took 0.019 seconds
[2025-03-23T10:49:46.129+0000] {processor.py:186} INFO - Started process (PID=4866) to work on /opt/airflow/dags/spaceX-api.py
[2025-03-23T10:49:46.129+0000] {processor.py:914} INFO - Processing file /opt/airflow/dags/spaceX-api.py for tasks to queue
[2025-03-23T10:49:46.131+0000] {logging_mixin.py:190} INFO - [2025-03-23T10:49:46.131+0000] {dagbag.py:588} INFO - Filling up the DagBag from /opt/airflow/dags/spaceX-api.py
[2025-03-23T10:49:46.133+0000] {processor.py:927} WARNING - No viable dags retrieved from /opt/airflow/dags/spaceX-api.py
[2025-03-23T10:49:46.143+0000] {processor.py:208} INFO - Processing /opt/airflow/dags/spaceX-api.py took 0.018 seconds
[2025-03-23T10:50:16.288+0000] {processor.py:186} INFO - Started process (PID=4930) to work on /opt/airflow/dags/spaceX-api.py
[2025-03-23T10:50:16.288+0000] {processor.py:914} INFO - Processing file /opt/airflow/dags/spaceX-api.py for tasks to queue
[2025-03-23T10:50:16.290+0000] {logging_mixin.py:190} INFO - [2025-03-23T10:50:16.290+0000] {dagbag.py:588} INFO - Filling up the DagBag from /opt/airflow/dags/spaceX-api.py
[2025-03-23T10:50:16.294+0000] {processor.py:927} WARNING - No viable dags retrieved from /opt/airflow/dags/spaceX-api.py
[2025-03-23T10:50:16.303+0000] {processor.py:208} INFO - Processing /opt/airflow/dags/spaceX-api.py took 0.020 seconds
[2025-03-23T10:50:46.797+0000] {processor.py:186} INFO - Started process (PID=4994) to work on /opt/airflow/dags/spaceX-api.py
[2025-03-23T10:50:46.798+0000] {processor.py:914} INFO - Processing file /opt/airflow/dags/spaceX-api.py for tasks to queue
[2025-03-23T10:50:46.800+0000] {logging_mixin.py:190} INFO - [2025-03-23T10:50:46.800+0000] {dagbag.py:588} INFO - Filling up the DagBag from /opt/airflow/dags/spaceX-api.py
[2025-03-23T10:50:46.802+0000] {processor.py:927} WARNING - No viable dags retrieved from /opt/airflow/dags/spaceX-api.py
[2025-03-23T10:50:46.811+0000] {processor.py:208} INFO - Processing /opt/airflow/dags/spaceX-api.py took 0.018 seconds
[2025-03-23T10:51:46.627+0000] {processor.py:186} INFO - Started process (PID=5063) to work on /opt/airflow/dags/spaceX-api.py
[2025-03-23T10:51:46.628+0000] {processor.py:914} INFO - Processing file /opt/airflow/dags/spaceX-api.py for tasks to queue
[2025-03-23T10:51:46.630+0000] {logging_mixin.py:190} INFO - [2025-03-23T10:51:46.630+0000] {dagbag.py:588} INFO - Filling up the DagBag from /opt/airflow/dags/spaceX-api.py
[2025-03-23T10:51:46.633+0000] {processor.py:927} WARNING - No viable dags retrieved from /opt/airflow/dags/spaceX-api.py
[2025-03-23T10:51:46.645+0000] {processor.py:208} INFO - Processing /opt/airflow/dags/spaceX-api.py took 0.023 seconds
