[2025-03-27T12:21:09.515+0000] {local_task_job_runner.py:123} INFO - ::group::Pre task execution logs
[2025-03-27T12:21:09.534+0000] {taskinstance.py:2614} INFO - Dependencies all met for dep_context=non-requeueable deps ti=<TaskInstance: my_dag.add_cores_to_table manual__2025-03-27T12:21:04.555608+00:00 [queued]>
[2025-03-27T12:21:09.541+0000] {taskinstance.py:2614} INFO - Dependencies all met for dep_context=requeueable deps ti=<TaskInstance: my_dag.add_cores_to_table manual__2025-03-27T12:21:04.555608+00:00 [queued]>
[2025-03-27T12:21:09.541+0000] {taskinstance.py:2867} INFO - Starting attempt 1 of 1
[2025-03-27T12:21:09.553+0000] {taskinstance.py:2890} INFO - Executing <Task(PythonOperator): add_cores_to_table> on 2025-03-27 12:21:04.555608+00:00
[2025-03-27T12:21:09.560+0000] {warnings.py:112} WARNING - /home/***/.local/lib/python3.12/site-packages/***/task/task_runner/standard_task_runner.py:70: DeprecationWarning: This process (pid=612) is multi-threaded, use of fork() may lead to deadlocks in the child.
  pid = os.fork()

[2025-03-27T12:21:09.561+0000] {standard_task_runner.py:72} INFO - Started process 614 to run task
[2025-03-27T12:21:09.562+0000] {standard_task_runner.py:104} INFO - Running: ['***', 'tasks', 'run', 'my_dag', 'add_cores_to_table', 'manual__2025-03-27T12:21:04.555608+00:00', '--job-id', '69', '--raw', '--subdir', 'DAGS_FOLDER/main_dag.py', '--cfg-path', '/tmp/tmpn86i48tu']
[2025-03-27T12:21:09.563+0000] {standard_task_runner.py:105} INFO - Job 69: Subtask add_cores_to_table
[2025-03-27T12:21:09.803+0000] {task_command.py:467} INFO - Running <TaskInstance: my_dag.add_cores_to_table manual__2025-03-27T12:21:04.555608+00:00 [running]> on host 2753c0b03e32
[2025-03-27T12:21:09.863+0000] {taskinstance.py:3134} INFO - Exporting env vars: AIRFLOW_CTX_DAG_OWNER='***' AIRFLOW_CTX_DAG_ID='my_dag' AIRFLOW_CTX_TASK_ID='add_cores_to_table' AIRFLOW_CTX_EXECUTION_DATE='2025-03-27T12:21:04.555608+00:00' AIRFLOW_CTX_TRY_NUMBER='1' AIRFLOW_CTX_DAG_RUN_ID='manual__2025-03-27T12:21:04.555608+00:00'
[2025-03-27T12:21:09.864+0000] {logging_mixin.py:190} INFO - Task instance is in running state
[2025-03-27T12:21:09.866+0000] {logging_mixin.py:190} INFO -  Previous state of the Task instance: queued
[2025-03-27T12:21:09.866+0000] {logging_mixin.py:190} INFO - Current task name:add_cores_to_table state:running start_date:2025-03-27 12:21:09.534605+00:00
[2025-03-27T12:21:09.866+0000] {logging_mixin.py:190} INFO - Dag name:my_dag and current dag run status:running
[2025-03-27T12:21:09.867+0000] {taskinstance.py:732} INFO - ::endgroup::
[2025-03-27T12:21:09.875+0000] {base.py:84} INFO - Retrieving connection 'postgres_db'
[2025-03-27T12:21:11.545+0000] {main_dag.py:27} INFO - >>>>>>>> уже в  таблице
[2025-03-27T12:21:11.546+0000] {main_dag.py:27} INFO - >>>>>>>> уже в  таблице
[2025-03-27T12:21:11.546+0000] {main_dag.py:27} INFO - >>>>>>>> уже в  таблице
[2025-03-27T12:21:11.547+0000] {main_dag.py:27} INFO - >>>>>>>> уже в  таблице
[2025-03-27T12:21:11.547+0000] {main_dag.py:27} INFO - >>>>>>>> уже в  таблице
[2025-03-27T12:21:11.547+0000] {main_dag.py:27} INFO - >>>>>>>> уже в  таблице
[2025-03-27T12:21:11.548+0000] {main_dag.py:27} INFO - >>>>>>>> уже в  таблице
[2025-03-27T12:21:11.548+0000] {main_dag.py:27} INFO - >>>>>>>> уже в  таблице
[2025-03-27T12:21:11.548+0000] {main_dag.py:27} INFO - >>>>>>>> уже в  таблице
[2025-03-27T12:21:11.548+0000] {main_dag.py:27} INFO - >>>>>>>> уже в  таблице
[2025-03-27T12:21:11.549+0000] {main_dag.py:27} INFO - >>>>>>>> уже в  таблице
[2025-03-27T12:21:11.549+0000] {main_dag.py:27} INFO - >>>>>>>> уже в  таблице
[2025-03-27T12:21:11.549+0000] {main_dag.py:27} INFO - >>>>>>>> уже в  таблице
[2025-03-27T12:21:11.550+0000] {main_dag.py:27} INFO - >>>>>>>> уже в  таблице
[2025-03-27T12:21:11.550+0000] {main_dag.py:27} INFO - >>>>>>>> уже в  таблице
[2025-03-27T12:21:11.550+0000] {main_dag.py:27} INFO - >>>>>>>> уже в  таблице
[2025-03-27T12:21:11.551+0000] {main_dag.py:27} INFO - >>>>>>>> уже в  таблице
[2025-03-27T12:21:11.551+0000] {main_dag.py:27} INFO - >>>>>>>> уже в  таблице
[2025-03-27T12:21:11.551+0000] {main_dag.py:27} INFO - >>>>>>>> уже в  таблице
[2025-03-27T12:21:11.552+0000] {main_dag.py:27} INFO - >>>>>>>> уже в  таблице
[2025-03-27T12:21:11.552+0000] {main_dag.py:27} INFO - >>>>>>>> уже в  таблице
[2025-03-27T12:21:11.552+0000] {main_dag.py:27} INFO - >>>>>>>> уже в  таблице
[2025-03-27T12:21:11.553+0000] {main_dag.py:27} INFO - >>>>>>>> уже в  таблице
[2025-03-27T12:21:11.553+0000] {main_dag.py:27} INFO - >>>>>>>> уже в  таблице
[2025-03-27T12:21:11.553+0000] {main_dag.py:27} INFO - >>>>>>>> уже в  таблице
[2025-03-27T12:21:11.553+0000] {main_dag.py:27} INFO - >>>>>>>> уже в  таблице
[2025-03-27T12:21:11.554+0000] {main_dag.py:27} INFO - >>>>>>>> уже в  таблице
[2025-03-27T12:21:11.554+0000] {main_dag.py:27} INFO - >>>>>>>> уже в  таблице
[2025-03-27T12:21:11.554+0000] {main_dag.py:27} INFO - >>>>>>>> уже в  таблице
[2025-03-27T12:21:11.555+0000] {main_dag.py:27} INFO - >>>>>>>> уже в  таблице
[2025-03-27T12:21:11.555+0000] {main_dag.py:27} INFO - >>>>>>>> уже в  таблице
[2025-03-27T12:21:11.555+0000] {main_dag.py:27} INFO - >>>>>>>> уже в  таблице
[2025-03-27T12:21:11.555+0000] {main_dag.py:27} INFO - >>>>>>>> уже в  таблице
[2025-03-27T12:21:11.556+0000] {main_dag.py:27} INFO - >>>>>>>> уже в  таблице
[2025-03-27T12:21:11.556+0000] {main_dag.py:27} INFO - >>>>>>>> уже в  таблице
[2025-03-27T12:21:11.556+0000] {main_dag.py:27} INFO - >>>>>>>> уже в  таблице
[2025-03-27T12:21:11.557+0000] {main_dag.py:27} INFO - >>>>>>>> уже в  таблице
[2025-03-27T12:21:11.557+0000] {main_dag.py:27} INFO - >>>>>>>> уже в  таблице
[2025-03-27T12:21:11.557+0000] {main_dag.py:27} INFO - >>>>>>>> уже в  таблице
[2025-03-27T12:21:11.558+0000] {main_dag.py:27} INFO - >>>>>>>> уже в  таблице
[2025-03-27T12:21:11.558+0000] {main_dag.py:27} INFO - >>>>>>>> уже в  таблице
[2025-03-27T12:21:11.558+0000] {main_dag.py:27} INFO - >>>>>>>> уже в  таблице
[2025-03-27T12:21:11.559+0000] {main_dag.py:27} INFO - >>>>>>>> уже в  таблице
[2025-03-27T12:21:11.559+0000] {main_dag.py:27} INFO - >>>>>>>> уже в  таблице
[2025-03-27T12:21:11.559+0000] {main_dag.py:27} INFO - >>>>>>>> уже в  таблице
[2025-03-27T12:21:11.559+0000] {main_dag.py:27} INFO - >>>>>>>> уже в  таблице
[2025-03-27T12:21:11.560+0000] {main_dag.py:27} INFO - >>>>>>>> уже в  таблице
[2025-03-27T12:21:11.560+0000] {main_dag.py:27} INFO - >>>>>>>> уже в  таблице
[2025-03-27T12:21:11.560+0000] {main_dag.py:27} INFO - >>>>>>>> уже в  таблице
[2025-03-27T12:21:11.561+0000] {main_dag.py:27} INFO - >>>>>>>> уже в  таблице
[2025-03-27T12:21:11.561+0000] {main_dag.py:27} INFO - >>>>>>>> уже в  таблице
[2025-03-27T12:21:11.561+0000] {main_dag.py:27} INFO - >>>>>>>> уже в  таблице
[2025-03-27T12:21:11.561+0000] {main_dag.py:27} INFO - >>>>>>>> уже в  таблице
[2025-03-27T12:21:11.562+0000] {main_dag.py:27} INFO - >>>>>>>> уже в  таблице
[2025-03-27T12:21:11.562+0000] {main_dag.py:27} INFO - >>>>>>>> уже в  таблице
[2025-03-27T12:21:11.562+0000] {main_dag.py:27} INFO - >>>>>>>> уже в  таблице
[2025-03-27T12:21:11.563+0000] {main_dag.py:27} INFO - >>>>>>>> уже в  таблице
[2025-03-27T12:21:11.563+0000] {main_dag.py:27} INFO - >>>>>>>> уже в  таблице
[2025-03-27T12:21:11.563+0000] {main_dag.py:27} INFO - >>>>>>>> уже в  таблице
[2025-03-27T12:21:11.564+0000] {main_dag.py:27} INFO - >>>>>>>> уже в  таблице
[2025-03-27T12:21:11.564+0000] {main_dag.py:27} INFO - >>>>>>>> уже в  таблице
[2025-03-27T12:21:11.564+0000] {main_dag.py:27} INFO - >>>>>>>> уже в  таблице
[2025-03-27T12:21:11.565+0000] {main_dag.py:27} INFO - >>>>>>>> уже в  таблице
[2025-03-27T12:21:11.565+0000] {main_dag.py:27} INFO - >>>>>>>> уже в  таблице
[2025-03-27T12:21:11.566+0000] {main_dag.py:27} INFO - >>>>>>>> уже в  таблице
[2025-03-27T12:21:11.566+0000] {main_dag.py:27} INFO - >>>>>>>> уже в  таблице
[2025-03-27T12:21:11.566+0000] {main_dag.py:27} INFO - >>>>>>>> уже в  таблице
[2025-03-27T12:21:11.567+0000] {main_dag.py:27} INFO - >>>>>>>> уже в  таблице
[2025-03-27T12:21:11.567+0000] {main_dag.py:27} INFO - >>>>>>>> уже в  таблице
[2025-03-27T12:21:11.567+0000] {main_dag.py:27} INFO - >>>>>>>> уже в  таблице
[2025-03-27T12:21:11.567+0000] {main_dag.py:27} INFO - >>>>>>>> уже в  таблице
[2025-03-27T12:21:11.568+0000] {main_dag.py:27} INFO - >>>>>>>> уже в  таблице
[2025-03-27T12:21:11.568+0000] {main_dag.py:27} INFO - >>>>>>>> уже в  таблице
[2025-03-27T12:21:11.568+0000] {main_dag.py:27} INFO - >>>>>>>> уже в  таблице
[2025-03-27T12:21:11.568+0000] {main_dag.py:27} INFO - >>>>>>>> уже в  таблице
[2025-03-27T12:21:11.569+0000] {main_dag.py:27} INFO - >>>>>>>> уже в  таблице
[2025-03-27T12:21:11.569+0000] {main_dag.py:27} INFO - >>>>>>>> уже в  таблице
[2025-03-27T12:21:11.569+0000] {main_dag.py:27} INFO - >>>>>>>> уже в  таблице
[2025-03-27T12:21:11.569+0000] {main_dag.py:27} INFO - >>>>>>>> уже в  таблице
[2025-03-27T12:21:11.570+0000] {main_dag.py:27} INFO - >>>>>>>> уже в  таблице
[2025-03-27T12:21:11.570+0000] {main_dag.py:27} INFO - >>>>>>>> уже в  таблице
[2025-03-27T12:21:11.570+0000] {main_dag.py:27} INFO - >>>>>>>> уже в  таблице
[2025-03-27T12:21:11.571+0000] {main_dag.py:27} INFO - >>>>>>>> уже в  таблице
[2025-03-27T12:21:11.571+0000] {python.py:240} INFO - Done. Returned value was: None
[2025-03-27T12:21:11.580+0000] {taskinstance.py:341} INFO - ::group::Post task execution logs
[2025-03-27T12:21:11.580+0000] {taskinstance.py:353} INFO - Marking task as SUCCESS. dag_id=my_dag, task_id=add_cores_to_table, run_id=manual__2025-03-27T12:21:04.555608+00:00, execution_date=20250327T122104, start_date=20250327T122109, end_date=20250327T122111
[2025-03-27T12:21:11.603+0000] {logging_mixin.py:190} INFO - Task instance in success state
[2025-03-27T12:21:11.603+0000] {logging_mixin.py:190} INFO -  Previous state of the Task instance: running
[2025-03-27T12:21:11.603+0000] {logging_mixin.py:190} INFO - Dag name:my_dag queued_at:2025-03-27 12:21:04.563970+00:00
[2025-03-27T12:21:11.604+0000] {logging_mixin.py:190} INFO - Task hostname:2753c0b03e32 operator:PythonOperator
[2025-03-27T12:21:11.629+0000] {local_task_job_runner.py:266} INFO - Task exited with return code 0
[2025-03-27T12:21:11.814+0000] {taskinstance.py:3901} INFO - 1 downstream tasks scheduled from follow-on schedule check
[2025-03-27T12:21:11.816+0000] {local_task_job_runner.py:245} INFO - ::endgroup::
