[2025-03-27T12:10:01.791+0000] {local_task_job_runner.py:123} INFO - ::group::Pre task execution logs
[2025-03-27T12:10:01.810+0000] {taskinstance.py:2614} INFO - Dependencies all met for dep_context=non-requeueable deps ti=<TaskInstance: my_dag.add_cores_to_table manual__2025-03-27T12:09:57.337293+00:00 [queued]>
[2025-03-27T12:10:01.817+0000] {taskinstance.py:2614} INFO - Dependencies all met for dep_context=requeueable deps ti=<TaskInstance: my_dag.add_cores_to_table manual__2025-03-27T12:09:57.337293+00:00 [queued]>
[2025-03-27T12:10:01.818+0000] {taskinstance.py:2867} INFO - Starting attempt 1 of 1
[2025-03-27T12:10:01.830+0000] {taskinstance.py:2890} INFO - Executing <Task(PythonOperator): add_cores_to_table> on 2025-03-27 12:09:57.337293+00:00
[2025-03-27T12:10:01.837+0000] {warnings.py:112} WARNING - /home/***/.local/lib/python3.12/site-packages/***/task/task_runner/standard_task_runner.py:70: DeprecationWarning: This process (pid=365) is multi-threaded, use of fork() may lead to deadlocks in the child.
  pid = os.fork()

[2025-03-27T12:10:01.839+0000] {standard_task_runner.py:72} INFO - Started process 367 to run task
[2025-03-27T12:10:01.840+0000] {standard_task_runner.py:104} INFO - Running: ['***', 'tasks', 'run', 'my_dag', 'add_cores_to_table', 'manual__2025-03-27T12:09:57.337293+00:00', '--job-id', '44', '--raw', '--subdir', 'DAGS_FOLDER/main_dag.py', '--cfg-path', '/tmp/tmpob7civuu']
[2025-03-27T12:10:01.841+0000] {standard_task_runner.py:105} INFO - Job 44: Subtask add_cores_to_table
[2025-03-27T12:10:02.071+0000] {task_command.py:467} INFO - Running <TaskInstance: my_dag.add_cores_to_table manual__2025-03-27T12:09:57.337293+00:00 [running]> on host 2753c0b03e32
[2025-03-27T12:10:02.141+0000] {taskinstance.py:3134} INFO - Exporting env vars: AIRFLOW_CTX_DAG_OWNER='***' AIRFLOW_CTX_DAG_ID='my_dag' AIRFLOW_CTX_TASK_ID='add_cores_to_table' AIRFLOW_CTX_EXECUTION_DATE='2025-03-27T12:09:57.337293+00:00' AIRFLOW_CTX_TRY_NUMBER='1' AIRFLOW_CTX_DAG_RUN_ID='manual__2025-03-27T12:09:57.337293+00:00'
[2025-03-27T12:10:02.142+0000] {logging_mixin.py:190} INFO - Task instance is in running state
[2025-03-27T12:10:02.142+0000] {logging_mixin.py:190} INFO -  Previous state of the Task instance: queued
[2025-03-27T12:10:02.142+0000] {logging_mixin.py:190} INFO - Current task name:add_cores_to_table state:running start_date:2025-03-27 12:10:01.810543+00:00
[2025-03-27T12:10:02.143+0000] {logging_mixin.py:190} INFO - Dag name:my_dag and current dag run status:running
[2025-03-27T12:10:02.143+0000] {taskinstance.py:732} INFO - ::endgroup::
[2025-03-27T12:10:02.151+0000] {base.py:84} INFO - Retrieving connection 'postgres_db'
[2025-03-27T12:10:03.156+0000] {main_dag.py:27} INFO - >>>>>>>> уже в  таблице
[2025-03-27T12:10:03.157+0000] {main_dag.py:27} INFO - >>>>>>>> уже в  таблице
[2025-03-27T12:10:03.157+0000] {main_dag.py:27} INFO - >>>>>>>> уже в  таблице
[2025-03-27T12:10:03.158+0000] {main_dag.py:27} INFO - >>>>>>>> уже в  таблице
[2025-03-27T12:10:03.158+0000] {main_dag.py:27} INFO - >>>>>>>> уже в  таблице
[2025-03-27T12:10:03.158+0000] {main_dag.py:27} INFO - >>>>>>>> уже в  таблице
[2025-03-27T12:10:03.159+0000] {main_dag.py:27} INFO - >>>>>>>> уже в  таблице
[2025-03-27T12:10:03.159+0000] {main_dag.py:27} INFO - >>>>>>>> уже в  таблице
[2025-03-27T12:10:03.159+0000] {main_dag.py:27} INFO - >>>>>>>> уже в  таблице
[2025-03-27T12:10:03.160+0000] {main_dag.py:27} INFO - >>>>>>>> уже в  таблице
[2025-03-27T12:10:03.160+0000] {main_dag.py:27} INFO - >>>>>>>> уже в  таблице
[2025-03-27T12:10:03.161+0000] {main_dag.py:27} INFO - >>>>>>>> уже в  таблице
[2025-03-27T12:10:03.161+0000] {main_dag.py:27} INFO - >>>>>>>> уже в  таблице
[2025-03-27T12:10:03.161+0000] {main_dag.py:27} INFO - >>>>>>>> уже в  таблице
[2025-03-27T12:10:03.161+0000] {main_dag.py:27} INFO - >>>>>>>> уже в  таблице
[2025-03-27T12:10:03.162+0000] {main_dag.py:27} INFO - >>>>>>>> уже в  таблице
[2025-03-27T12:10:03.162+0000] {main_dag.py:27} INFO - >>>>>>>> уже в  таблице
[2025-03-27T12:10:03.162+0000] {main_dag.py:27} INFO - >>>>>>>> уже в  таблице
[2025-03-27T12:10:03.163+0000] {main_dag.py:27} INFO - >>>>>>>> уже в  таблице
[2025-03-27T12:10:03.163+0000] {main_dag.py:27} INFO - >>>>>>>> уже в  таблице
[2025-03-27T12:10:03.163+0000] {main_dag.py:27} INFO - >>>>>>>> уже в  таблице
[2025-03-27T12:10:03.164+0000] {main_dag.py:27} INFO - >>>>>>>> уже в  таблице
[2025-03-27T12:10:03.164+0000] {main_dag.py:27} INFO - >>>>>>>> уже в  таблице
[2025-03-27T12:10:03.164+0000] {main_dag.py:27} INFO - >>>>>>>> уже в  таблице
[2025-03-27T12:10:03.164+0000] {main_dag.py:27} INFO - >>>>>>>> уже в  таблице
[2025-03-27T12:10:03.165+0000] {main_dag.py:27} INFO - >>>>>>>> уже в  таблице
[2025-03-27T12:10:03.165+0000] {main_dag.py:27} INFO - >>>>>>>> уже в  таблице
[2025-03-27T12:10:03.165+0000] {main_dag.py:27} INFO - >>>>>>>> уже в  таблице
[2025-03-27T12:10:03.166+0000] {main_dag.py:27} INFO - >>>>>>>> уже в  таблице
[2025-03-27T12:10:03.166+0000] {main_dag.py:27} INFO - >>>>>>>> уже в  таблице
[2025-03-27T12:10:03.166+0000] {main_dag.py:27} INFO - >>>>>>>> уже в  таблице
[2025-03-27T12:10:03.167+0000] {main_dag.py:27} INFO - >>>>>>>> уже в  таблице
[2025-03-27T12:10:03.167+0000] {main_dag.py:27} INFO - >>>>>>>> уже в  таблице
[2025-03-27T12:10:03.167+0000] {main_dag.py:27} INFO - >>>>>>>> уже в  таблице
[2025-03-27T12:10:03.168+0000] {main_dag.py:27} INFO - >>>>>>>> уже в  таблице
[2025-03-27T12:10:03.168+0000] {main_dag.py:27} INFO - >>>>>>>> уже в  таблице
[2025-03-27T12:10:03.168+0000] {main_dag.py:27} INFO - >>>>>>>> уже в  таблице
[2025-03-27T12:10:03.168+0000] {main_dag.py:27} INFO - >>>>>>>> уже в  таблице
[2025-03-27T12:10:03.169+0000] {main_dag.py:27} INFO - >>>>>>>> уже в  таблице
[2025-03-27T12:10:03.169+0000] {main_dag.py:27} INFO - >>>>>>>> уже в  таблице
[2025-03-27T12:10:03.169+0000] {main_dag.py:27} INFO - >>>>>>>> уже в  таблице
[2025-03-27T12:10:03.170+0000] {main_dag.py:27} INFO - >>>>>>>> уже в  таблице
[2025-03-27T12:10:03.170+0000] {main_dag.py:27} INFO - >>>>>>>> уже в  таблице
[2025-03-27T12:10:03.170+0000] {main_dag.py:27} INFO - >>>>>>>> уже в  таблице
[2025-03-27T12:10:03.171+0000] {main_dag.py:27} INFO - >>>>>>>> уже в  таблице
[2025-03-27T12:10:03.171+0000] {main_dag.py:27} INFO - >>>>>>>> уже в  таблице
[2025-03-27T12:10:03.171+0000] {main_dag.py:27} INFO - >>>>>>>> уже в  таблице
[2025-03-27T12:10:03.171+0000] {main_dag.py:27} INFO - >>>>>>>> уже в  таблице
[2025-03-27T12:10:03.172+0000] {main_dag.py:27} INFO - >>>>>>>> уже в  таблице
[2025-03-27T12:10:03.172+0000] {main_dag.py:27} INFO - >>>>>>>> уже в  таблице
[2025-03-27T12:10:03.172+0000] {main_dag.py:27} INFO - >>>>>>>> уже в  таблице
[2025-03-27T12:10:03.173+0000] {main_dag.py:27} INFO - >>>>>>>> уже в  таблице
[2025-03-27T12:10:03.173+0000] {main_dag.py:27} INFO - >>>>>>>> уже в  таблице
[2025-03-27T12:10:03.174+0000] {main_dag.py:27} INFO - >>>>>>>> уже в  таблице
[2025-03-27T12:10:03.174+0000] {main_dag.py:27} INFO - >>>>>>>> уже в  таблице
[2025-03-27T12:10:03.174+0000] {main_dag.py:27} INFO - >>>>>>>> уже в  таблице
[2025-03-27T12:10:03.175+0000] {main_dag.py:27} INFO - >>>>>>>> уже в  таблице
[2025-03-27T12:10:03.175+0000] {main_dag.py:27} INFO - >>>>>>>> уже в  таблице
[2025-03-27T12:10:03.175+0000] {main_dag.py:27} INFO - >>>>>>>> уже в  таблице
[2025-03-27T12:10:03.176+0000] {main_dag.py:27} INFO - >>>>>>>> уже в  таблице
[2025-03-27T12:10:03.176+0000] {main_dag.py:27} INFO - >>>>>>>> уже в  таблице
[2025-03-27T12:10:03.176+0000] {main_dag.py:27} INFO - >>>>>>>> уже в  таблице
[2025-03-27T12:10:03.177+0000] {main_dag.py:27} INFO - >>>>>>>> уже в  таблице
[2025-03-27T12:10:03.177+0000] {main_dag.py:27} INFO - >>>>>>>> уже в  таблице
[2025-03-27T12:10:03.177+0000] {main_dag.py:27} INFO - >>>>>>>> уже в  таблице
[2025-03-27T12:10:03.178+0000] {main_dag.py:27} INFO - >>>>>>>> уже в  таблице
[2025-03-27T12:10:03.178+0000] {main_dag.py:27} INFO - >>>>>>>> уже в  таблице
[2025-03-27T12:10:03.178+0000] {main_dag.py:27} INFO - >>>>>>>> уже в  таблице
[2025-03-27T12:10:03.179+0000] {main_dag.py:27} INFO - >>>>>>>> уже в  таблице
[2025-03-27T12:10:03.179+0000] {main_dag.py:27} INFO - >>>>>>>> уже в  таблице
[2025-03-27T12:10:03.179+0000] {main_dag.py:27} INFO - >>>>>>>> уже в  таблице
[2025-03-27T12:10:03.180+0000] {main_dag.py:27} INFO - >>>>>>>> уже в  таблице
[2025-03-27T12:10:03.180+0000] {main_dag.py:27} INFO - >>>>>>>> уже в  таблице
[2025-03-27T12:10:03.180+0000] {main_dag.py:27} INFO - >>>>>>>> уже в  таблице
[2025-03-27T12:10:03.181+0000] {main_dag.py:27} INFO - >>>>>>>> уже в  таблице
[2025-03-27T12:10:03.181+0000] {main_dag.py:27} INFO - >>>>>>>> уже в  таблице
[2025-03-27T12:10:03.181+0000] {main_dag.py:27} INFO - >>>>>>>> уже в  таблице
[2025-03-27T12:10:03.182+0000] {main_dag.py:27} INFO - >>>>>>>> уже в  таблице
[2025-03-27T12:10:03.182+0000] {main_dag.py:27} INFO - >>>>>>>> уже в  таблице
[2025-03-27T12:10:03.182+0000] {main_dag.py:27} INFO - >>>>>>>> уже в  таблице
[2025-03-27T12:10:03.183+0000] {main_dag.py:27} INFO - >>>>>>>> уже в  таблице
[2025-03-27T12:10:03.183+0000] {main_dag.py:27} INFO - >>>>>>>> уже в  таблице
[2025-03-27T12:10:03.183+0000] {main_dag.py:27} INFO - >>>>>>>> уже в  таблице
[2025-03-27T12:10:03.184+0000] {python.py:240} INFO - Done. Returned value was: None
[2025-03-27T12:10:03.192+0000] {taskinstance.py:341} INFO - ::group::Post task execution logs
[2025-03-27T12:10:03.193+0000] {taskinstance.py:353} INFO - Marking task as SUCCESS. dag_id=my_dag, task_id=add_cores_to_table, run_id=manual__2025-03-27T12:09:57.337293+00:00, execution_date=20250327T120957, start_date=20250327T121001, end_date=20250327T121003
[2025-03-27T12:10:03.221+0000] {logging_mixin.py:190} INFO - Task instance in success state
[2025-03-27T12:10:03.221+0000] {logging_mixin.py:190} INFO -  Previous state of the Task instance: running
[2025-03-27T12:10:03.222+0000] {logging_mixin.py:190} INFO - Dag name:my_dag queued_at:2025-03-27 12:09:57.346374+00:00
[2025-03-27T12:10:03.222+0000] {logging_mixin.py:190} INFO - Task hostname:2753c0b03e32 operator:PythonOperator
[2025-03-27T12:10:03.249+0000] {local_task_job_runner.py:266} INFO - Task exited with return code 0
[2025-03-27T12:10:03.436+0000] {taskinstance.py:3901} INFO - 1 downstream tasks scheduled from follow-on schedule check
[2025-03-27T12:10:03.445+0000] {local_task_job_runner.py:245} INFO - ::endgroup::
