[2025-03-27T12:03:10.442+0000] {local_task_job_runner.py:123} INFO - ::group::Pre task execution logs
[2025-03-27T12:03:10.456+0000] {taskinstance.py:2614} INFO - Dependencies all met for dep_context=non-requeueable deps ti=<TaskInstance: my_dag.add_capsules_to_table manual__2025-03-27T12:03:08.887557+00:00 [queued]>
[2025-03-27T12:03:10.464+0000] {taskinstance.py:2614} INFO - Dependencies all met for dep_context=requeueable deps ti=<TaskInstance: my_dag.add_capsules_to_table manual__2025-03-27T12:03:08.887557+00:00 [queued]>
[2025-03-27T12:03:10.464+0000] {taskinstance.py:2867} INFO - Starting attempt 1 of 1
[2025-03-27T12:03:10.478+0000] {taskinstance.py:2890} INFO - Executing <Task(PythonOperator): add_capsules_to_table> on 2025-03-27 12:03:08.887557+00:00
[2025-03-27T12:03:10.484+0000] {warnings.py:112} WARNING - /home/***/.local/lib/python3.12/site-packages/***/task/task_runner/standard_task_runner.py:70: DeprecationWarning: This process (pid=206) is multi-threaded, use of fork() may lead to deadlocks in the child.
  pid = os.fork()

[2025-03-27T12:03:10.485+0000] {standard_task_runner.py:72} INFO - Started process 208 to run task
[2025-03-27T12:03:10.486+0000] {standard_task_runner.py:104} INFO - Running: ['***', 'tasks', 'run', 'my_dag', 'add_capsules_to_table', 'manual__2025-03-27T12:03:08.887557+00:00', '--job-id', '27', '--raw', '--subdir', 'DAGS_FOLDER/main_dag.py', '--cfg-path', '/tmp/tmp4upxcsk0']
[2025-03-27T12:03:10.487+0000] {standard_task_runner.py:105} INFO - Job 27: Subtask add_capsules_to_table
[2025-03-27T12:03:10.719+0000] {task_command.py:467} INFO - Running <TaskInstance: my_dag.add_capsules_to_table manual__2025-03-27T12:03:08.887557+00:00 [running]> on host 2753c0b03e32
[2025-03-27T12:03:10.789+0000] {taskinstance.py:3134} INFO - Exporting env vars: AIRFLOW_CTX_DAG_OWNER='***' AIRFLOW_CTX_DAG_ID='my_dag' AIRFLOW_CTX_TASK_ID='add_capsules_to_table' AIRFLOW_CTX_EXECUTION_DATE='2025-03-27T12:03:08.887557+00:00' AIRFLOW_CTX_TRY_NUMBER='1' AIRFLOW_CTX_DAG_RUN_ID='manual__2025-03-27T12:03:08.887557+00:00'
[2025-03-27T12:03:10.790+0000] {logging_mixin.py:190} INFO - Task instance is in running state
[2025-03-27T12:03:10.790+0000] {logging_mixin.py:190} INFO -  Previous state of the Task instance: queued
[2025-03-27T12:03:10.790+0000] {logging_mixin.py:190} INFO - Current task name:add_capsules_to_table state:running start_date:2025-03-27 12:03:10.457281+00:00
[2025-03-27T12:03:10.791+0000] {logging_mixin.py:190} INFO - Dag name:my_dag and current dag run status:running
[2025-03-27T12:03:10.791+0000] {taskinstance.py:732} INFO - ::endgroup::
[2025-03-27T12:03:10.799+0000] {base.py:84} INFO - Retrieving connection 'postgres_db'
[2025-03-27T12:03:12.132+0000] {python.py:240} INFO - Done. Returned value was: None
[2025-03-27T12:03:12.146+0000] {taskinstance.py:341} INFO - ::group::Post task execution logs
[2025-03-27T12:03:12.148+0000] {taskinstance.py:353} INFO - Marking task as SUCCESS. dag_id=my_dag, task_id=add_capsules_to_table, run_id=manual__2025-03-27T12:03:08.887557+00:00, execution_date=20250327T120308, start_date=20250327T120310, end_date=20250327T120312
[2025-03-27T12:03:12.175+0000] {logging_mixin.py:190} INFO - Task instance in success state
[2025-03-27T12:03:12.176+0000] {logging_mixin.py:190} INFO -  Previous state of the Task instance: running
[2025-03-27T12:03:12.176+0000] {logging_mixin.py:190} INFO - Dag name:my_dag queued_at:2025-03-27 12:03:08.899060+00:00
[2025-03-27T12:03:12.176+0000] {logging_mixin.py:190} INFO - Task hostname:2753c0b03e32 operator:PythonOperator
[2025-03-27T12:03:12.229+0000] {local_task_job_runner.py:266} INFO - Task exited with return code 0
[2025-03-27T12:03:12.456+0000] {taskinstance.py:3901} INFO - 1 downstream tasks scheduled from follow-on schedule check
[2025-03-27T12:03:12.458+0000] {local_task_job_runner.py:245} INFO - ::endgroup::
