[2025-03-27T12:10:07.863+0000] {local_task_job_runner.py:123} INFO - ::group::Pre task execution logs
[2025-03-27T12:10:07.883+0000] {taskinstance.py:2614} INFO - Dependencies all met for dep_context=non-requeueable deps ti=<TaskInstance: my_dag.add_landpads_to_table manual__2025-03-27T12:09:57.337293+00:00 [queued]>
[2025-03-27T12:10:07.892+0000] {taskinstance.py:2614} INFO - Dependencies all met for dep_context=requeueable deps ti=<TaskInstance: my_dag.add_landpads_to_table manual__2025-03-27T12:09:57.337293+00:00 [queued]>
[2025-03-27T12:10:07.892+0000] {taskinstance.py:2867} INFO - Starting attempt 1 of 1
[2025-03-27T12:10:07.907+0000] {taskinstance.py:2890} INFO - Executing <Task(PythonOperator): add_landpads_to_table> on 2025-03-27 12:09:57.337293+00:00
[2025-03-27T12:10:07.914+0000] {warnings.py:112} WARNING - /home/***/.local/lib/python3.12/site-packages/***/task/task_runner/standard_task_runner.py:70: DeprecationWarning: This process (pid=373) is multi-threaded, use of fork() may lead to deadlocks in the child.
  pid = os.fork()

[2025-03-27T12:10:07.915+0000] {standard_task_runner.py:72} INFO - Started process 375 to run task
[2025-03-27T12:10:07.916+0000] {standard_task_runner.py:104} INFO - Running: ['***', 'tasks', 'run', 'my_dag', 'add_landpads_to_table', 'manual__2025-03-27T12:09:57.337293+00:00', '--job-id', '46', '--raw', '--subdir', 'DAGS_FOLDER/main_dag.py', '--cfg-path', '/tmp/tmpks9ialaq']
[2025-03-27T12:10:07.917+0000] {standard_task_runner.py:105} INFO - Job 46: Subtask add_landpads_to_table
[2025-03-27T12:10:08.156+0000] {task_command.py:467} INFO - Running <TaskInstance: my_dag.add_landpads_to_table manual__2025-03-27T12:09:57.337293+00:00 [running]> on host 2753c0b03e32
[2025-03-27T12:10:08.230+0000] {taskinstance.py:3134} INFO - Exporting env vars: AIRFLOW_CTX_DAG_OWNER='***' AIRFLOW_CTX_DAG_ID='my_dag' AIRFLOW_CTX_TASK_ID='add_landpads_to_table' AIRFLOW_CTX_EXECUTION_DATE='2025-03-27T12:09:57.337293+00:00' AIRFLOW_CTX_TRY_NUMBER='1' AIRFLOW_CTX_DAG_RUN_ID='manual__2025-03-27T12:09:57.337293+00:00'
[2025-03-27T12:10:08.231+0000] {logging_mixin.py:190} INFO - Task instance is in running state
[2025-03-27T12:10:08.232+0000] {logging_mixin.py:190} INFO -  Previous state of the Task instance: queued
[2025-03-27T12:10:08.232+0000] {logging_mixin.py:190} INFO - Current task name:add_landpads_to_table state:running start_date:2025-03-27 12:10:07.884332+00:00
[2025-03-27T12:10:08.233+0000] {logging_mixin.py:190} INFO - Dag name:my_dag and current dag run status:running
[2025-03-27T12:10:08.233+0000] {taskinstance.py:732} INFO - ::endgroup::
[2025-03-27T12:10:08.241+0000] {base.py:84} INFO - Retrieving connection 'postgres_db'
[2025-03-27T12:10:09.281+0000] {main_dag.py:27} INFO - >>>>>>>> уже в  таблице
[2025-03-27T12:10:09.282+0000] {main_dag.py:27} INFO - >>>>>>>> уже в  таблице
[2025-03-27T12:10:09.282+0000] {main_dag.py:27} INFO - >>>>>>>> уже в  таблице
[2025-03-27T12:10:09.283+0000] {main_dag.py:27} INFO - >>>>>>>> уже в  таблице
[2025-03-27T12:10:09.283+0000] {main_dag.py:27} INFO - >>>>>>>> уже в  таблице
[2025-03-27T12:10:09.283+0000] {main_dag.py:27} INFO - >>>>>>>> уже в  таблице
[2025-03-27T12:10:09.284+0000] {main_dag.py:27} INFO - >>>>>>>> уже в  таблице
[2025-03-27T12:10:09.284+0000] {python.py:240} INFO - Done. Returned value was: None
[2025-03-27T12:10:09.294+0000] {taskinstance.py:341} INFO - ::group::Post task execution logs
[2025-03-27T12:10:09.294+0000] {taskinstance.py:353} INFO - Marking task as SUCCESS. dag_id=my_dag, task_id=add_landpads_to_table, run_id=manual__2025-03-27T12:09:57.337293+00:00, execution_date=20250327T120957, start_date=20250327T121007, end_date=20250327T121009
[2025-03-27T12:10:09.324+0000] {logging_mixin.py:190} INFO - Task instance in success state
[2025-03-27T12:10:09.324+0000] {logging_mixin.py:190} INFO -  Previous state of the Task instance: running
[2025-03-27T12:10:09.325+0000] {logging_mixin.py:190} INFO - Dag name:my_dag queued_at:2025-03-27 12:09:57.346374+00:00
[2025-03-27T12:10:09.325+0000] {logging_mixin.py:190} INFO - Task hostname:2753c0b03e32 operator:PythonOperator
[2025-03-27T12:10:09.370+0000] {local_task_job_runner.py:266} INFO - Task exited with return code 0
[2025-03-27T12:10:09.556+0000] {taskinstance.py:3901} INFO - 1 downstream tasks scheduled from follow-on schedule check
[2025-03-27T12:10:09.558+0000] {local_task_job_runner.py:245} INFO - ::endgroup::
