[2025-03-23T10:34:22.474+0000] {local_task_job_runner.py:123} INFO - ::group::Pre task execution logs
[2025-03-23T10:34:22.493+0000] {taskinstance.py:2614} INFO - Dependencies all met for dep_context=non-requeueable deps ti=<TaskInstance: tutorial_taskflow_api.load manual__2025-03-23T10:34:14.559017+00:00 [queued]>
[2025-03-23T10:34:22.500+0000] {taskinstance.py:2614} INFO - Dependencies all met for dep_context=requeueable deps ti=<TaskInstance: tutorial_taskflow_api.load manual__2025-03-23T10:34:14.559017+00:00 [queued]>
[2025-03-23T10:34:22.500+0000] {taskinstance.py:2867} INFO - Starting attempt 1 of 1
[2025-03-23T10:34:22.642+0000] {taskinstance.py:2890} INFO - Executing <Task(_PythonDecoratedOperator): load> on 2025-03-23 10:34:14.559017+00:00
[2025-03-23T10:34:22.649+0000] {warnings.py:112} WARNING - /home/***/.local/lib/python3.12/site-packages/***/task/task_runner/standard_task_runner.py:70: DeprecationWarning: This process (pid=373) is multi-threaded, use of fork() may lead to deadlocks in the child.
  pid = os.fork()

[2025-03-23T10:34:22.650+0000] {standard_task_runner.py:72} INFO - Started process 375 to run task
[2025-03-23T10:34:22.651+0000] {standard_task_runner.py:104} INFO - Running: ['***', 'tasks', 'run', 'tutorial_taskflow_api', 'load', 'manual__2025-03-23T10:34:14.559017+00:00', '--job-id', '19', '--raw', '--subdir', '/home/***/.local/lib/python3.12/site-packages/***/example_dags/tutorial_taskflow_api.py', '--cfg-path', '/tmp/tmpyy1ygluo']
[2025-03-23T10:34:22.652+0000] {standard_task_runner.py:105} INFO - Job 19: Subtask load
[2025-03-23T10:34:22.692+0000] {task_command.py:467} INFO - Running <TaskInstance: tutorial_taskflow_api.load manual__2025-03-23T10:34:14.559017+00:00 [running]> on host 41b90dd1aaae
[2025-03-23T10:34:22.761+0000] {taskinstance.py:3134} INFO - Exporting env vars: AIRFLOW_CTX_DAG_OWNER='***' AIRFLOW_CTX_DAG_ID='tutorial_taskflow_api' AIRFLOW_CTX_TASK_ID='load' AIRFLOW_CTX_EXECUTION_DATE='2025-03-23T10:34:14.559017+00:00' AIRFLOW_CTX_TRY_NUMBER='1' AIRFLOW_CTX_DAG_RUN_ID='manual__2025-03-23T10:34:14.559017+00:00'
[2025-03-23T10:34:22.762+0000] {logging_mixin.py:190} INFO - Task instance is in running state
[2025-03-23T10:34:22.762+0000] {logging_mixin.py:190} INFO -  Previous state of the Task instance: queued
[2025-03-23T10:34:22.763+0000] {logging_mixin.py:190} INFO - Current task name:load state:running start_date:2025-03-23 10:34:22.493940+00:00
[2025-03-23T10:34:22.763+0000] {logging_mixin.py:190} INFO - Dag name:tutorial_taskflow_api and current dag run status:running
[2025-03-23T10:34:22.763+0000] {taskinstance.py:732} INFO - ::endgroup::
[2025-03-23T10:34:22.764+0000] {logging_mixin.py:190} INFO - Total order value is: 1236.70
[2025-03-23T10:34:22.764+0000] {python.py:240} INFO - Done. Returned value was: None
[2025-03-23T10:34:22.772+0000] {taskinstance.py:341} INFO - ::group::Post task execution logs
[2025-03-23T10:34:22.773+0000] {taskinstance.py:353} INFO - Marking task as SUCCESS. dag_id=tutorial_taskflow_api, task_id=load, run_id=manual__2025-03-23T10:34:14.559017+00:00, execution_date=20250323T103414, start_date=20250323T103422, end_date=20250323T103422
[2025-03-23T10:34:22.793+0000] {logging_mixin.py:190} INFO - Task instance in success state
[2025-03-23T10:34:22.794+0000] {logging_mixin.py:190} INFO -  Previous state of the Task instance: running
[2025-03-23T10:34:22.794+0000] {logging_mixin.py:190} INFO - Dag name:tutorial_taskflow_api queued_at:2025-03-23 10:34:14.595478+00:00
[2025-03-23T10:34:22.794+0000] {logging_mixin.py:190} INFO - Task hostname:41b90dd1aaae operator:_PythonDecoratedOperator
[2025-03-23T10:34:22.833+0000] {local_task_job_runner.py:266} INFO - Task exited with return code 0
[2025-03-23T10:34:22.847+0000] {taskinstance.py:3901} INFO - 0 downstream tasks scheduled from follow-on schedule check
[2025-03-23T10:34:22.849+0000] {local_task_job_runner.py:245} INFO - ::endgroup::
