[2025-03-27T12:21:14.124+0000] {local_task_job_runner.py:123} INFO - ::group::Pre task execution logs
[2025-03-27T12:21:14.145+0000] {taskinstance.py:2614} INFO - Dependencies all met for dep_context=non-requeueable deps ti=<TaskInstance: my_dag.add_crew_to_table manual__2025-03-27T12:21:04.555608+00:00 [queued]>
[2025-03-27T12:21:14.154+0000] {taskinstance.py:2614} INFO - Dependencies all met for dep_context=requeueable deps ti=<TaskInstance: my_dag.add_crew_to_table manual__2025-03-27T12:21:04.555608+00:00 [queued]>
[2025-03-27T12:21:14.155+0000] {taskinstance.py:2867} INFO - Starting attempt 1 of 1
[2025-03-27T12:21:14.167+0000] {taskinstance.py:2890} INFO - Executing <Task(PythonOperator): add_crew_to_table> on 2025-03-27 12:21:04.555608+00:00
[2025-03-27T12:21:14.174+0000] {warnings.py:112} WARNING - /home/***/.local/lib/python3.12/site-packages/***/task/task_runner/standard_task_runner.py:70: DeprecationWarning: This process (pid=616) is multi-threaded, use of fork() may lead to deadlocks in the child.
  pid = os.fork()

[2025-03-27T12:21:14.176+0000] {standard_task_runner.py:72} INFO - Started process 618 to run task
[2025-03-27T12:21:14.176+0000] {standard_task_runner.py:104} INFO - Running: ['***', 'tasks', 'run', 'my_dag', 'add_crew_to_table', 'manual__2025-03-27T12:21:04.555608+00:00', '--job-id', '70', '--raw', '--subdir', 'DAGS_FOLDER/main_dag.py', '--cfg-path', '/tmp/tmp0sm30la2']
[2025-03-27T12:21:14.178+0000] {standard_task_runner.py:105} INFO - Job 70: Subtask add_crew_to_table
[2025-03-27T12:21:14.416+0000] {task_command.py:467} INFO - Running <TaskInstance: my_dag.add_crew_to_table manual__2025-03-27T12:21:04.555608+00:00 [running]> on host 2753c0b03e32
[2025-03-27T12:21:14.484+0000] {taskinstance.py:3134} INFO - Exporting env vars: AIRFLOW_CTX_DAG_OWNER='***' AIRFLOW_CTX_DAG_ID='my_dag' AIRFLOW_CTX_TASK_ID='add_crew_to_table' AIRFLOW_CTX_EXECUTION_DATE='2025-03-27T12:21:04.555608+00:00' AIRFLOW_CTX_TRY_NUMBER='1' AIRFLOW_CTX_DAG_RUN_ID='manual__2025-03-27T12:21:04.555608+00:00'
[2025-03-27T12:21:14.485+0000] {logging_mixin.py:190} INFO - Task instance is in running state
[2025-03-27T12:21:14.485+0000] {logging_mixin.py:190} INFO -  Previous state of the Task instance: queued
[2025-03-27T12:21:14.486+0000] {logging_mixin.py:190} INFO - Current task name:add_crew_to_table state:running start_date:2025-03-27 12:21:14.146409+00:00
[2025-03-27T12:21:14.486+0000] {logging_mixin.py:190} INFO - Dag name:my_dag and current dag run status:running
[2025-03-27T12:21:14.486+0000] {taskinstance.py:732} INFO - ::endgroup::
[2025-03-27T12:21:14.494+0000] {base.py:84} INFO - Retrieving connection 'postgres_db'
[2025-03-27T12:21:17.474+0000] {main_dag.py:27} INFO - >>>>>>>> уже в  таблице
[2025-03-27T12:21:17.475+0000] {main_dag.py:27} INFO - >>>>>>>> уже в  таблице
[2025-03-27T12:21:17.475+0000] {main_dag.py:27} INFO - >>>>>>>> уже в  таблице
[2025-03-27T12:21:17.476+0000] {main_dag.py:27} INFO - >>>>>>>> уже в  таблице
[2025-03-27T12:21:17.476+0000] {main_dag.py:27} INFO - >>>>>>>> уже в  таблице
[2025-03-27T12:21:17.476+0000] {main_dag.py:27} INFO - >>>>>>>> уже в  таблице
[2025-03-27T12:21:17.477+0000] {main_dag.py:27} INFO - >>>>>>>> уже в  таблице
[2025-03-27T12:21:17.477+0000] {main_dag.py:27} INFO - >>>>>>>> уже в  таблице
[2025-03-27T12:21:17.477+0000] {main_dag.py:27} INFO - >>>>>>>> уже в  таблице
[2025-03-27T12:21:17.478+0000] {main_dag.py:27} INFO - >>>>>>>> уже в  таблице
[2025-03-27T12:21:17.478+0000] {main_dag.py:27} INFO - >>>>>>>> уже в  таблице
[2025-03-27T12:21:17.478+0000] {main_dag.py:27} INFO - >>>>>>>> уже в  таблице
[2025-03-27T12:21:17.479+0000] {main_dag.py:27} INFO - >>>>>>>> уже в  таблице
[2025-03-27T12:21:17.479+0000] {main_dag.py:27} INFO - >>>>>>>> уже в  таблице
[2025-03-27T12:21:17.479+0000] {main_dag.py:27} INFO - >>>>>>>> уже в  таблице
[2025-03-27T12:21:17.480+0000] {main_dag.py:27} INFO - >>>>>>>> уже в  таблице
[2025-03-27T12:21:17.480+0000] {main_dag.py:27} INFO - >>>>>>>> уже в  таблице
[2025-03-27T12:21:17.480+0000] {main_dag.py:27} INFO - >>>>>>>> уже в  таблице
[2025-03-27T12:21:17.481+0000] {main_dag.py:27} INFO - >>>>>>>> уже в  таблице
[2025-03-27T12:21:17.481+0000] {main_dag.py:27} INFO - >>>>>>>> уже в  таблице
[2025-03-27T12:21:17.481+0000] {main_dag.py:27} INFO - >>>>>>>> уже в  таблице
[2025-03-27T12:21:17.482+0000] {main_dag.py:27} INFO - >>>>>>>> уже в  таблице
[2025-03-27T12:21:17.482+0000] {main_dag.py:27} INFO - >>>>>>>> уже в  таблице
[2025-03-27T12:21:17.482+0000] {main_dag.py:27} INFO - >>>>>>>> уже в  таблице
[2025-03-27T12:21:17.482+0000] {main_dag.py:27} INFO - >>>>>>>> уже в  таблице
[2025-03-27T12:21:17.483+0000] {main_dag.py:27} INFO - >>>>>>>> уже в  таблице
[2025-03-27T12:21:17.483+0000] {main_dag.py:27} INFO - >>>>>>>> уже в  таблице
[2025-03-27T12:21:17.483+0000] {main_dag.py:27} INFO - >>>>>>>> уже в  таблице
[2025-03-27T12:21:17.484+0000] {main_dag.py:27} INFO - >>>>>>>> уже в  таблице
[2025-03-27T12:21:17.484+0000] {main_dag.py:27} INFO - >>>>>>>> уже в  таблице
[2025-03-27T12:21:17.484+0000] {python.py:240} INFO - Done. Returned value was: None
[2025-03-27T12:21:17.493+0000] {taskinstance.py:341} INFO - ::group::Post task execution logs
[2025-03-27T12:21:17.494+0000] {taskinstance.py:353} INFO - Marking task as SUCCESS. dag_id=my_dag, task_id=add_crew_to_table, run_id=manual__2025-03-27T12:21:04.555608+00:00, execution_date=20250327T122104, start_date=20250327T122114, end_date=20250327T122117
[2025-03-27T12:21:17.521+0000] {logging_mixin.py:190} INFO - Task instance in success state
[2025-03-27T12:21:17.521+0000] {logging_mixin.py:190} INFO -  Previous state of the Task instance: running
[2025-03-27T12:21:17.522+0000] {logging_mixin.py:190} INFO - Dag name:my_dag queued_at:2025-03-27 12:21:04.563970+00:00
[2025-03-27T12:21:17.522+0000] {logging_mixin.py:190} INFO - Task hostname:2753c0b03e32 operator:PythonOperator
[2025-03-27T12:21:17.557+0000] {local_task_job_runner.py:266} INFO - Task exited with return code 0
[2025-03-27T12:21:17.741+0000] {taskinstance.py:3901} INFO - 1 downstream tasks scheduled from follow-on schedule check
[2025-03-27T12:21:17.750+0000] {local_task_job_runner.py:245} INFO - ::endgroup::
