[2025-03-23T10:34:42.510+0000] {local_task_job_runner.py:123} INFO - ::group::Pre task execution logs
[2025-03-23T10:34:42.524+0000] {taskinstance.py:2614} INFO - Dependencies all met for dep_context=non-requeueable deps ti=<TaskInstance: tutorial_taskflow_api.extract manual__2025-03-23T10:34:40.314499+00:00 [queued]>
[2025-03-23T10:34:42.662+0000] {taskinstance.py:2614} INFO - Dependencies all met for dep_context=requeueable deps ti=<TaskInstance: tutorial_taskflow_api.extract manual__2025-03-23T10:34:40.314499+00:00 [queued]>
[2025-03-23T10:34:42.663+0000] {taskinstance.py:2867} INFO - Starting attempt 1 of 1
[2025-03-23T10:34:42.681+0000] {taskinstance.py:2890} INFO - Executing <Task(_PythonDecoratedOperator): extract> on 2025-03-23 10:34:40.314499+00:00
[2025-03-23T10:34:42.688+0000] {warnings.py:112} WARNING - /home/***/.local/lib/python3.12/site-packages/***/task/task_runner/standard_task_runner.py:70: DeprecationWarning: This process (pid=384) is multi-threaded, use of fork() may lead to deadlocks in the child.
  pid = os.fork()

[2025-03-23T10:34:42.689+0000] {standard_task_runner.py:72} INFO - Started process 386 to run task
[2025-03-23T10:34:42.690+0000] {standard_task_runner.py:104} INFO - Running: ['***', 'tasks', 'run', 'tutorial_taskflow_api', 'extract', 'manual__2025-03-23T10:34:40.314499+00:00', '--job-id', '20', '--raw', '--subdir', '/home/***/.local/lib/python3.12/site-packages/***/example_dags/tutorial_taskflow_api.py', '--cfg-path', '/tmp/tmp5ko9zog_']
[2025-03-23T10:34:42.691+0000] {standard_task_runner.py:105} INFO - Job 20: Subtask extract
[2025-03-23T10:34:42.728+0000] {task_command.py:467} INFO - Running <TaskInstance: tutorial_taskflow_api.extract manual__2025-03-23T10:34:40.314499+00:00 [running]> on host 41b90dd1aaae
[2025-03-23T10:34:42.794+0000] {taskinstance.py:3134} INFO - Exporting env vars: AIRFLOW_CTX_DAG_OWNER='***' AIRFLOW_CTX_DAG_ID='tutorial_taskflow_api' AIRFLOW_CTX_TASK_ID='extract' AIRFLOW_CTX_EXECUTION_DATE='2025-03-23T10:34:40.314499+00:00' AIRFLOW_CTX_TRY_NUMBER='1' AIRFLOW_CTX_DAG_RUN_ID='manual__2025-03-23T10:34:40.314499+00:00'
[2025-03-23T10:34:42.795+0000] {logging_mixin.py:190} INFO - Task instance is in running state
[2025-03-23T10:34:42.795+0000] {logging_mixin.py:190} INFO -  Previous state of the Task instance: queued
[2025-03-23T10:34:42.796+0000] {logging_mixin.py:190} INFO - Current task name:extract state:running start_date:2025-03-23 10:34:42.524992+00:00
[2025-03-23T10:34:42.796+0000] {logging_mixin.py:190} INFO - Dag name:tutorial_taskflow_api and current dag run status:running
[2025-03-23T10:34:42.796+0000] {taskinstance.py:732} INFO - ::endgroup::
[2025-03-23T10:34:42.797+0000] {python.py:240} INFO - Done. Returned value was: {'1001': 301.27, '1002': 433.21, '1003': 502.22}
[2025-03-23T10:34:42.817+0000] {taskinstance.py:341} INFO - ::group::Post task execution logs
[2025-03-23T10:34:42.818+0000] {taskinstance.py:353} INFO - Marking task as SUCCESS. dag_id=tutorial_taskflow_api, task_id=extract, run_id=manual__2025-03-23T10:34:40.314499+00:00, execution_date=20250323T103440, start_date=20250323T103442, end_date=20250323T103442
[2025-03-23T10:34:42.837+0000] {logging_mixin.py:190} INFO - Task instance in success state
[2025-03-23T10:34:42.837+0000] {logging_mixin.py:190} INFO -  Previous state of the Task instance: running
[2025-03-23T10:34:42.838+0000] {logging_mixin.py:190} INFO - Dag name:tutorial_taskflow_api queued_at:2025-03-23 10:34:40.325517+00:00
[2025-03-23T10:34:42.838+0000] {logging_mixin.py:190} INFO - Task hostname:41b90dd1aaae operator:_PythonDecoratedOperator
[2025-03-23T10:34:42.872+0000] {local_task_job_runner.py:266} INFO - Task exited with return code 0
[2025-03-23T10:34:42.898+0000] {taskinstance.py:3901} INFO - 1 downstream tasks scheduled from follow-on schedule check
[2025-03-23T10:34:42.901+0000] {local_task_job_runner.py:245} INFO - ::endgroup::
