[2025-03-27T12:23:42.625+0000] {local_task_job_runner.py:123} INFO - ::group::Pre task execution logs
[2025-03-27T12:23:42.649+0000] {taskinstance.py:2614} INFO - Dependencies all met for dep_context=non-requeueable deps ti=<TaskInstance: my_dag.add_payloads_to_table manual__2025-03-27T12:23:03.217034+00:00 [queued]>
[2025-03-27T12:23:42.662+0000] {taskinstance.py:2614} INFO - Dependencies all met for dep_context=requeueable deps ti=<TaskInstance: my_dag.add_payloads_to_table manual__2025-03-27T12:23:03.217034+00:00 [queued]>
[2025-03-27T12:23:42.663+0000] {taskinstance.py:2867} INFO - Starting attempt 1 of 1
[2025-03-27T12:23:42.682+0000] {taskinstance.py:2890} INFO - Executing <Task(PythonOperator): add_payloads_to_table> on 2025-03-27 12:23:03.217034+00:00
[2025-03-27T12:23:42.691+0000] {warnings.py:112} WARNING - /home/***/.local/lib/python3.12/site-packages/***/task/task_runner/standard_task_runner.py:70: DeprecationWarning: This process (pid=696) is multi-threaded, use of fork() may lead to deadlocks in the child.
  pid = os.fork()

[2025-03-27T12:23:42.693+0000] {standard_task_runner.py:72} INFO - Started process 698 to run task
[2025-03-27T12:23:42.693+0000] {standard_task_runner.py:104} INFO - Running: ['***', 'tasks', 'run', 'my_dag', 'add_payloads_to_table', 'manual__2025-03-27T12:23:03.217034+00:00', '--job-id', '83', '--raw', '--subdir', 'DAGS_FOLDER/main_dag.py', '--cfg-path', '/tmp/tmpk3y4k39d']
[2025-03-27T12:23:42.694+0000] {standard_task_runner.py:105} INFO - Job 83: Subtask add_payloads_to_table
[2025-03-27T12:23:42.953+0000] {task_command.py:467} INFO - Running <TaskInstance: my_dag.add_payloads_to_table manual__2025-03-27T12:23:03.217034+00:00 [running]> on host 2753c0b03e32
[2025-03-27T12:23:43.037+0000] {taskinstance.py:3134} INFO - Exporting env vars: AIRFLOW_CTX_DAG_OWNER='***' AIRFLOW_CTX_DAG_ID='my_dag' AIRFLOW_CTX_TASK_ID='add_payloads_to_table' AIRFLOW_CTX_EXECUTION_DATE='2025-03-27T12:23:03.217034+00:00' AIRFLOW_CTX_TRY_NUMBER='1' AIRFLOW_CTX_DAG_RUN_ID='manual__2025-03-27T12:23:03.217034+00:00'
[2025-03-27T12:23:43.038+0000] {logging_mixin.py:190} INFO - Task instance is in running state
[2025-03-27T12:23:43.039+0000] {logging_mixin.py:190} INFO -  Previous state of the Task instance: queued
[2025-03-27T12:23:43.039+0000] {logging_mixin.py:190} INFO - Current task name:add_payloads_to_table state:running start_date:2025-03-27 12:23:42.650158+00:00
[2025-03-27T12:23:43.040+0000] {logging_mixin.py:190} INFO - Dag name:my_dag and current dag run status:running
[2025-03-27T12:23:43.040+0000] {taskinstance.py:732} INFO - ::endgroup::
[2025-03-27T12:23:43.050+0000] {base.py:84} INFO - Retrieving connection 'postgres_db'
[2025-03-27T12:23:44.856+0000] {main_dag.py:27} INFO - >>>>>>>> уже в  таблице
[2025-03-27T12:23:44.857+0000] {main_dag.py:27} INFO - >>>>>>>> уже в  таблице
[2025-03-27T12:23:44.860+0000] {main_dag.py:27} INFO - >>>>>>>> уже в  таблице
[2025-03-27T12:23:44.861+0000] {main_dag.py:27} INFO - >>>>>>>> уже в  таблице
[2025-03-27T12:23:44.861+0000] {main_dag.py:27} INFO - >>>>>>>> уже в  таблице
[2025-03-27T12:23:44.862+0000] {main_dag.py:27} INFO - >>>>>>>> уже в  таблице
[2025-03-27T12:23:44.863+0000] {main_dag.py:27} INFO - >>>>>>>> уже в  таблице
[2025-03-27T12:23:44.863+0000] {main_dag.py:27} INFO - >>>>>>>> уже в  таблице
[2025-03-27T12:23:44.864+0000] {main_dag.py:27} INFO - >>>>>>>> уже в  таблице
[2025-03-27T12:23:44.864+0000] {main_dag.py:27} INFO - >>>>>>>> уже в  таблице
[2025-03-27T12:23:44.865+0000] {main_dag.py:27} INFO - >>>>>>>> уже в  таблице
[2025-03-27T12:23:44.865+0000] {main_dag.py:27} INFO - >>>>>>>> уже в  таблице
[2025-03-27T12:23:44.866+0000] {main_dag.py:27} INFO - >>>>>>>> уже в  таблице
[2025-03-27T12:23:44.866+0000] {main_dag.py:27} INFO - >>>>>>>> уже в  таблице
[2025-03-27T12:23:44.867+0000] {main_dag.py:27} INFO - >>>>>>>> уже в  таблице
[2025-03-27T12:23:44.868+0000] {main_dag.py:27} INFO - >>>>>>>> уже в  таблице
[2025-03-27T12:23:44.868+0000] {main_dag.py:27} INFO - >>>>>>>> уже в  таблице
[2025-03-27T12:23:44.869+0000] {main_dag.py:27} INFO - >>>>>>>> уже в  таблице
[2025-03-27T12:23:44.869+0000] {main_dag.py:27} INFO - >>>>>>>> уже в  таблице
[2025-03-27T12:23:44.870+0000] {main_dag.py:27} INFO - >>>>>>>> уже в  таблице
[2025-03-27T12:23:44.870+0000] {main_dag.py:27} INFO - >>>>>>>> уже в  таблице
[2025-03-27T12:23:44.871+0000] {main_dag.py:27} INFO - >>>>>>>> уже в  таблице
[2025-03-27T12:23:44.871+0000] {main_dag.py:27} INFO - >>>>>>>> уже в  таблице
[2025-03-27T12:23:44.872+0000] {main_dag.py:27} INFO - >>>>>>>> уже в  таблице
[2025-03-27T12:23:44.873+0000] {main_dag.py:27} INFO - >>>>>>>> уже в  таблице
[2025-03-27T12:23:44.873+0000] {main_dag.py:27} INFO - >>>>>>>> уже в  таблице
[2025-03-27T12:23:44.874+0000] {main_dag.py:27} INFO - >>>>>>>> уже в  таблице
[2025-03-27T12:23:44.874+0000] {main_dag.py:27} INFO - >>>>>>>> уже в  таблице
[2025-03-27T12:23:44.875+0000] {main_dag.py:27} INFO - >>>>>>>> уже в  таблице
[2025-03-27T12:23:44.876+0000] {main_dag.py:27} INFO - >>>>>>>> уже в  таблице
[2025-03-27T12:23:44.876+0000] {main_dag.py:27} INFO - >>>>>>>> уже в  таблице
[2025-03-27T12:23:44.877+0000] {main_dag.py:27} INFO - >>>>>>>> уже в  таблице
[2025-03-27T12:23:44.877+0000] {main_dag.py:27} INFO - >>>>>>>> уже в  таблице
[2025-03-27T12:23:44.877+0000] {main_dag.py:27} INFO - >>>>>>>> уже в  таблице
[2025-03-27T12:23:44.878+0000] {main_dag.py:27} INFO - >>>>>>>> уже в  таблице
[2025-03-27T12:23:44.879+0000] {main_dag.py:27} INFO - >>>>>>>> уже в  таблице
[2025-03-27T12:23:44.879+0000] {main_dag.py:27} INFO - >>>>>>>> уже в  таблице
[2025-03-27T12:23:44.879+0000] {main_dag.py:27} INFO - >>>>>>>> уже в  таблице
[2025-03-27T12:23:44.881+0000] {main_dag.py:27} INFO - >>>>>>>> уже в  таблице
[2025-03-27T12:23:44.881+0000] {main_dag.py:27} INFO - >>>>>>>> уже в  таблице
[2025-03-27T12:23:44.882+0000] {main_dag.py:27} INFO - >>>>>>>> уже в  таблице
[2025-03-27T12:23:44.882+0000] {main_dag.py:27} INFO - >>>>>>>> уже в  таблице
[2025-03-27T12:23:44.883+0000] {main_dag.py:27} INFO - >>>>>>>> уже в  таблице
[2025-03-27T12:23:44.883+0000] {main_dag.py:27} INFO - >>>>>>>> уже в  таблице
[2025-03-27T12:23:44.884+0000] {main_dag.py:27} INFO - >>>>>>>> уже в  таблице
[2025-03-27T12:23:44.884+0000] {main_dag.py:27} INFO - >>>>>>>> уже в  таблице
[2025-03-27T12:23:44.885+0000] {main_dag.py:27} INFO - >>>>>>>> уже в  таблице
[2025-03-27T12:23:44.885+0000] {main_dag.py:27} INFO - >>>>>>>> уже в  таблице
[2025-03-27T12:23:44.886+0000] {main_dag.py:27} INFO - >>>>>>>> уже в  таблице
[2025-03-27T12:23:44.886+0000] {main_dag.py:27} INFO - >>>>>>>> уже в  таблице
[2025-03-27T12:23:44.887+0000] {main_dag.py:27} INFO - >>>>>>>> уже в  таблице
[2025-03-27T12:23:44.887+0000] {main_dag.py:27} INFO - >>>>>>>> уже в  таблице
[2025-03-27T12:23:44.888+0000] {main_dag.py:27} INFO - >>>>>>>> уже в  таблице
[2025-03-27T12:23:44.888+0000] {main_dag.py:27} INFO - >>>>>>>> уже в  таблице
[2025-03-27T12:23:44.889+0000] {main_dag.py:27} INFO - >>>>>>>> уже в  таблице
[2025-03-27T12:23:44.890+0000] {main_dag.py:27} INFO - >>>>>>>> уже в  таблице
[2025-03-27T12:23:44.891+0000] {main_dag.py:27} INFO - >>>>>>>> уже в  таблице
[2025-03-27T12:23:44.891+0000] {main_dag.py:27} INFO - >>>>>>>> уже в  таблице
[2025-03-27T12:23:44.892+0000] {main_dag.py:27} INFO - >>>>>>>> уже в  таблице
[2025-03-27T12:23:44.892+0000] {main_dag.py:27} INFO - >>>>>>>> уже в  таблице
[2025-03-27T12:23:44.893+0000] {main_dag.py:27} INFO - >>>>>>>> уже в  таблице
[2025-03-27T12:23:44.893+0000] {main_dag.py:27} INFO - >>>>>>>> уже в  таблице
[2025-03-27T12:23:44.894+0000] {main_dag.py:27} INFO - >>>>>>>> уже в  таблице
[2025-03-27T12:23:44.894+0000] {main_dag.py:27} INFO - >>>>>>>> уже в  таблице
[2025-03-27T12:23:44.895+0000] {main_dag.py:27} INFO - >>>>>>>> уже в  таблице
[2025-03-27T12:23:44.895+0000] {main_dag.py:27} INFO - >>>>>>>> уже в  таблице
[2025-03-27T12:23:44.896+0000] {main_dag.py:27} INFO - >>>>>>>> уже в  таблице
[2025-03-27T12:23:44.896+0000] {main_dag.py:27} INFO - >>>>>>>> уже в  таблице
[2025-03-27T12:23:44.896+0000] {main_dag.py:27} INFO - >>>>>>>> уже в  таблице
[2025-03-27T12:23:44.897+0000] {main_dag.py:27} INFO - >>>>>>>> уже в  таблице
[2025-03-27T12:23:44.897+0000] {main_dag.py:27} INFO - >>>>>>>> уже в  таблице
[2025-03-27T12:23:44.898+0000] {main_dag.py:27} INFO - >>>>>>>> уже в  таблице
[2025-03-27T12:23:44.898+0000] {main_dag.py:27} INFO - >>>>>>>> уже в  таблице
[2025-03-27T12:23:44.899+0000] {main_dag.py:27} INFO - >>>>>>>> уже в  таблице
[2025-03-27T12:23:44.899+0000] {main_dag.py:27} INFO - >>>>>>>> уже в  таблице
[2025-03-27T12:23:44.899+0000] {main_dag.py:27} INFO - >>>>>>>> уже в  таблице
[2025-03-27T12:23:44.900+0000] {main_dag.py:27} INFO - >>>>>>>> уже в  таблице
[2025-03-27T12:23:44.900+0000] {main_dag.py:27} INFO - >>>>>>>> уже в  таблице
[2025-03-27T12:23:44.901+0000] {main_dag.py:27} INFO - >>>>>>>> уже в  таблице
[2025-03-27T12:23:44.901+0000] {main_dag.py:27} INFO - >>>>>>>> уже в  таблице
[2025-03-27T12:23:44.901+0000] {main_dag.py:27} INFO - >>>>>>>> уже в  таблице
[2025-03-27T12:23:44.902+0000] {main_dag.py:27} INFO - >>>>>>>> уже в  таблице
[2025-03-27T12:23:44.902+0000] {main_dag.py:27} INFO - >>>>>>>> уже в  таблице
[2025-03-27T12:23:44.903+0000] {main_dag.py:27} INFO - >>>>>>>> уже в  таблице
[2025-03-27T12:23:44.903+0000] {main_dag.py:27} INFO - >>>>>>>> уже в  таблице
[2025-03-27T12:23:44.903+0000] {main_dag.py:27} INFO - >>>>>>>> уже в  таблице
[2025-03-27T12:23:44.904+0000] {main_dag.py:27} INFO - >>>>>>>> уже в  таблице
[2025-03-27T12:23:44.904+0000] {main_dag.py:27} INFO - >>>>>>>> уже в  таблице
[2025-03-27T12:23:44.905+0000] {main_dag.py:27} INFO - >>>>>>>> уже в  таблице
[2025-03-27T12:23:44.905+0000] {main_dag.py:27} INFO - >>>>>>>> уже в  таблице
[2025-03-27T12:23:44.905+0000] {main_dag.py:27} INFO - >>>>>>>> уже в  таблице
[2025-03-27T12:23:44.906+0000] {main_dag.py:27} INFO - >>>>>>>> уже в  таблице
[2025-03-27T12:23:44.906+0000] {main_dag.py:27} INFO - >>>>>>>> уже в  таблице
[2025-03-27T12:23:44.907+0000] {main_dag.py:27} INFO - >>>>>>>> уже в  таблице
[2025-03-27T12:23:44.907+0000] {main_dag.py:27} INFO - >>>>>>>> уже в  таблице
[2025-03-27T12:23:44.908+0000] {main_dag.py:27} INFO - >>>>>>>> уже в  таблице
[2025-03-27T12:23:44.908+0000] {main_dag.py:27} INFO - >>>>>>>> уже в  таблице
[2025-03-27T12:23:44.908+0000] {main_dag.py:27} INFO - >>>>>>>> уже в  таблице
[2025-03-27T12:23:44.909+0000] {main_dag.py:27} INFO - >>>>>>>> уже в  таблице
[2025-03-27T12:23:44.909+0000] {main_dag.py:27} INFO - >>>>>>>> уже в  таблице
[2025-03-27T12:23:44.910+0000] {main_dag.py:27} INFO - >>>>>>>> уже в  таблице
[2025-03-27T12:23:44.910+0000] {main_dag.py:27} INFO - >>>>>>>> уже в  таблице
[2025-03-27T12:23:44.910+0000] {main_dag.py:27} INFO - >>>>>>>> уже в  таблице
[2025-03-27T12:23:44.911+0000] {main_dag.py:27} INFO - >>>>>>>> уже в  таблице
[2025-03-27T12:23:44.911+0000] {main_dag.py:27} INFO - >>>>>>>> уже в  таблице
[2025-03-27T12:23:44.911+0000] {main_dag.py:27} INFO - >>>>>>>> уже в  таблице
[2025-03-27T12:23:44.912+0000] {main_dag.py:27} INFO - >>>>>>>> уже в  таблице
[2025-03-27T12:23:44.913+0000] {main_dag.py:27} INFO - >>>>>>>> уже в  таблице
[2025-03-27T12:23:44.913+0000] {main_dag.py:27} INFO - >>>>>>>> уже в  таблице
[2025-03-27T12:23:44.914+0000] {main_dag.py:27} INFO - >>>>>>>> уже в  таблице
[2025-03-27T12:23:44.915+0000] {main_dag.py:27} INFO - >>>>>>>> уже в  таблице
[2025-03-27T12:23:44.915+0000] {main_dag.py:27} INFO - >>>>>>>> уже в  таблице
[2025-03-27T12:23:44.916+0000] {main_dag.py:27} INFO - >>>>>>>> уже в  таблице
[2025-03-27T12:23:44.916+0000] {main_dag.py:27} INFO - >>>>>>>> уже в  таблице
[2025-03-27T12:23:44.917+0000] {main_dag.py:27} INFO - >>>>>>>> уже в  таблице
[2025-03-27T12:23:44.918+0000] {main_dag.py:27} INFO - >>>>>>>> уже в  таблице
[2025-03-27T12:23:44.918+0000] {main_dag.py:27} INFO - >>>>>>>> уже в  таблице
[2025-03-27T12:23:44.919+0000] {main_dag.py:27} INFO - >>>>>>>> уже в  таблице
[2025-03-27T12:23:44.919+0000] {main_dag.py:27} INFO - >>>>>>>> уже в  таблице
[2025-03-27T12:23:44.920+0000] {main_dag.py:27} INFO - >>>>>>>> уже в  таблице
[2025-03-27T12:23:44.920+0000] {main_dag.py:27} INFO - >>>>>>>> уже в  таблице
[2025-03-27T12:23:44.920+0000] {main_dag.py:27} INFO - >>>>>>>> уже в  таблице
[2025-03-27T12:23:44.921+0000] {main_dag.py:27} INFO - >>>>>>>> уже в  таблице
[2025-03-27T12:23:44.921+0000] {main_dag.py:27} INFO - >>>>>>>> уже в  таблице
[2025-03-27T12:23:44.921+0000] {main_dag.py:27} INFO - >>>>>>>> уже в  таблице
[2025-03-27T12:23:44.922+0000] {main_dag.py:27} INFO - >>>>>>>> уже в  таблице
[2025-03-27T12:23:44.922+0000] {main_dag.py:27} INFO - >>>>>>>> уже в  таблице
[2025-03-27T12:23:44.923+0000] {main_dag.py:27} INFO - >>>>>>>> уже в  таблице
[2025-03-27T12:23:44.923+0000] {main_dag.py:27} INFO - >>>>>>>> уже в  таблице
[2025-03-27T12:23:44.923+0000] {main_dag.py:27} INFO - >>>>>>>> уже в  таблице
[2025-03-27T12:23:44.924+0000] {main_dag.py:27} INFO - >>>>>>>> уже в  таблице
[2025-03-27T12:23:44.924+0000] {main_dag.py:27} INFO - >>>>>>>> уже в  таблице
[2025-03-27T12:23:44.925+0000] {main_dag.py:27} INFO - >>>>>>>> уже в  таблице
[2025-03-27T12:23:44.925+0000] {main_dag.py:27} INFO - >>>>>>>> уже в  таблице
[2025-03-27T12:23:44.926+0000] {main_dag.py:27} INFO - >>>>>>>> уже в  таблице
[2025-03-27T12:23:44.926+0000] {main_dag.py:27} INFO - >>>>>>>> уже в  таблице
[2025-03-27T12:23:44.926+0000] {main_dag.py:27} INFO - >>>>>>>> уже в  таблице
[2025-03-27T12:23:44.927+0000] {main_dag.py:27} INFO - >>>>>>>> уже в  таблице
[2025-03-27T12:23:44.927+0000] {main_dag.py:27} INFO - >>>>>>>> уже в  таблице
[2025-03-27T12:23:44.928+0000] {main_dag.py:27} INFO - >>>>>>>> уже в  таблице
[2025-03-27T12:23:44.928+0000] {main_dag.py:27} INFO - >>>>>>>> уже в  таблице
[2025-03-27T12:23:44.929+0000] {main_dag.py:27} INFO - >>>>>>>> уже в  таблице
[2025-03-27T12:23:44.929+0000] {main_dag.py:27} INFO - >>>>>>>> уже в  таблице
[2025-03-27T12:23:44.929+0000] {main_dag.py:27} INFO - >>>>>>>> уже в  таблице
[2025-03-27T12:23:44.930+0000] {main_dag.py:27} INFO - >>>>>>>> уже в  таблице
[2025-03-27T12:23:44.930+0000] {main_dag.py:27} INFO - >>>>>>>> уже в  таблице
[2025-03-27T12:23:44.931+0000] {main_dag.py:27} INFO - >>>>>>>> уже в  таблице
[2025-03-27T12:23:44.931+0000] {main_dag.py:27} INFO - >>>>>>>> уже в  таблице
[2025-03-27T12:23:44.931+0000] {main_dag.py:27} INFO - >>>>>>>> уже в  таблице
[2025-03-27T12:23:44.932+0000] {main_dag.py:27} INFO - >>>>>>>> уже в  таблице
[2025-03-27T12:23:44.932+0000] {main_dag.py:27} INFO - >>>>>>>> уже в  таблице
[2025-03-27T12:23:44.933+0000] {main_dag.py:27} INFO - >>>>>>>> уже в  таблице
[2025-03-27T12:23:44.933+0000] {main_dag.py:27} INFO - >>>>>>>> уже в  таблице
[2025-03-27T12:23:44.934+0000] {main_dag.py:27} INFO - >>>>>>>> уже в  таблице
[2025-03-27T12:23:44.934+0000] {main_dag.py:27} INFO - >>>>>>>> уже в  таблице
[2025-03-27T12:23:44.934+0000] {main_dag.py:27} INFO - >>>>>>>> уже в  таблице
[2025-03-27T12:23:44.935+0000] {main_dag.py:27} INFO - >>>>>>>> уже в  таблице
[2025-03-27T12:23:44.935+0000] {main_dag.py:27} INFO - >>>>>>>> уже в  таблице
[2025-03-27T12:23:44.936+0000] {main_dag.py:27} INFO - >>>>>>>> уже в  таблице
[2025-03-27T12:23:44.936+0000] {main_dag.py:27} INFO - >>>>>>>> уже в  таблице
[2025-03-27T12:23:44.936+0000] {main_dag.py:27} INFO - >>>>>>>> уже в  таблице
[2025-03-27T12:23:44.937+0000] {main_dag.py:27} INFO - >>>>>>>> уже в  таблице
[2025-03-27T12:23:44.937+0000] {main_dag.py:27} INFO - >>>>>>>> уже в  таблице
[2025-03-27T12:23:44.938+0000] {main_dag.py:27} INFO - >>>>>>>> уже в  таблице
[2025-03-27T12:23:44.938+0000] {main_dag.py:27} INFO - >>>>>>>> уже в  таблице
[2025-03-27T12:23:44.938+0000] {main_dag.py:27} INFO - >>>>>>>> уже в  таблице
[2025-03-27T12:23:44.939+0000] {main_dag.py:27} INFO - >>>>>>>> уже в  таблице
[2025-03-27T12:23:44.939+0000] {main_dag.py:27} INFO - >>>>>>>> уже в  таблице
[2025-03-27T12:23:44.940+0000] {main_dag.py:27} INFO - >>>>>>>> уже в  таблице
[2025-03-27T12:23:44.940+0000] {main_dag.py:27} INFO - >>>>>>>> уже в  таблице
[2025-03-27T12:23:44.940+0000] {main_dag.py:27} INFO - >>>>>>>> уже в  таблице
[2025-03-27T12:23:44.941+0000] {main_dag.py:27} INFO - >>>>>>>> уже в  таблице
[2025-03-27T12:23:44.941+0000] {main_dag.py:27} INFO - >>>>>>>> уже в  таблице
[2025-03-27T12:23:44.942+0000] {main_dag.py:27} INFO - >>>>>>>> уже в  таблице
[2025-03-27T12:23:44.942+0000] {main_dag.py:27} INFO - >>>>>>>> уже в  таблице
[2025-03-27T12:23:44.943+0000] {main_dag.py:27} INFO - >>>>>>>> уже в  таблице
[2025-03-27T12:23:44.943+0000] {main_dag.py:27} INFO - >>>>>>>> уже в  таблице
[2025-03-27T12:23:44.944+0000] {main_dag.py:27} INFO - >>>>>>>> уже в  таблице
[2025-03-27T12:23:44.944+0000] {main_dag.py:27} INFO - >>>>>>>> уже в  таблице
[2025-03-27T12:23:44.944+0000] {main_dag.py:27} INFO - >>>>>>>> уже в  таблице
[2025-03-27T12:23:44.945+0000] {main_dag.py:27} INFO - >>>>>>>> уже в  таблице
[2025-03-27T12:23:44.945+0000] {main_dag.py:27} INFO - >>>>>>>> уже в  таблице
[2025-03-27T12:23:44.946+0000] {main_dag.py:27} INFO - >>>>>>>> уже в  таблице
[2025-03-27T12:23:44.946+0000] {main_dag.py:27} INFO - >>>>>>>> уже в  таблице
[2025-03-27T12:23:44.946+0000] {main_dag.py:27} INFO - >>>>>>>> уже в  таблице
[2025-03-27T12:23:44.947+0000] {main_dag.py:27} INFO - >>>>>>>> уже в  таблице
[2025-03-27T12:23:44.947+0000] {main_dag.py:27} INFO - >>>>>>>> уже в  таблице
[2025-03-27T12:23:44.947+0000] {main_dag.py:27} INFO - >>>>>>>> уже в  таблице
[2025-03-27T12:23:44.948+0000] {main_dag.py:27} INFO - >>>>>>>> уже в  таблице
[2025-03-27T12:23:44.948+0000] {main_dag.py:27} INFO - >>>>>>>> уже в  таблице
[2025-03-27T12:23:44.948+0000] {main_dag.py:27} INFO - >>>>>>>> уже в  таблице
[2025-03-27T12:23:44.949+0000] {main_dag.py:27} INFO - >>>>>>>> уже в  таблице
[2025-03-27T12:23:44.949+0000] {main_dag.py:27} INFO - >>>>>>>> уже в  таблице
[2025-03-27T12:23:44.950+0000] {main_dag.py:27} INFO - >>>>>>>> уже в  таблице
[2025-03-27T12:23:44.950+0000] {main_dag.py:27} INFO - >>>>>>>> уже в  таблице
[2025-03-27T12:23:44.950+0000] {main_dag.py:27} INFO - >>>>>>>> уже в  таблице
[2025-03-27T12:23:44.951+0000] {main_dag.py:27} INFO - >>>>>>>> уже в  таблице
[2025-03-27T12:23:44.951+0000] {main_dag.py:27} INFO - >>>>>>>> уже в  таблице
[2025-03-27T12:23:44.952+0000] {main_dag.py:27} INFO - >>>>>>>> уже в  таблице
[2025-03-27T12:23:44.952+0000] {main_dag.py:27} INFO - >>>>>>>> уже в  таблице
[2025-03-27T12:23:44.952+0000] {main_dag.py:27} INFO - >>>>>>>> уже в  таблице
[2025-03-27T12:23:44.953+0000] {main_dag.py:27} INFO - >>>>>>>> уже в  таблице
[2025-03-27T12:23:44.953+0000] {main_dag.py:27} INFO - >>>>>>>> уже в  таблице
[2025-03-27T12:23:44.953+0000] {main_dag.py:27} INFO - >>>>>>>> уже в  таблице
[2025-03-27T12:23:44.954+0000] {main_dag.py:27} INFO - >>>>>>>> уже в  таблице
[2025-03-27T12:23:44.954+0000] {main_dag.py:27} INFO - >>>>>>>> уже в  таблице
[2025-03-27T12:23:44.954+0000] {main_dag.py:27} INFO - >>>>>>>> уже в  таблице
[2025-03-27T12:23:44.955+0000] {main_dag.py:27} INFO - >>>>>>>> уже в  таблице
[2025-03-27T12:23:44.955+0000] {main_dag.py:27} INFO - >>>>>>>> уже в  таблице
[2025-03-27T12:23:44.956+0000] {main_dag.py:27} INFO - >>>>>>>> уже в  таблице
[2025-03-27T12:23:44.956+0000] {main_dag.py:27} INFO - >>>>>>>> уже в  таблице
[2025-03-27T12:23:44.957+0000] {main_dag.py:27} INFO - >>>>>>>> уже в  таблице
[2025-03-27T12:23:44.957+0000] {main_dag.py:27} INFO - >>>>>>>> уже в  таблице
[2025-03-27T12:23:44.957+0000] {main_dag.py:27} INFO - >>>>>>>> уже в  таблице
[2025-03-27T12:23:44.958+0000] {main_dag.py:27} INFO - >>>>>>>> уже в  таблице
[2025-03-27T12:23:44.958+0000] {main_dag.py:27} INFO - >>>>>>>> уже в  таблице
[2025-03-27T12:23:44.959+0000] {main_dag.py:27} INFO - >>>>>>>> уже в  таблице
[2025-03-27T12:23:44.959+0000] {main_dag.py:27} INFO - >>>>>>>> уже в  таблице
[2025-03-27T12:23:44.960+0000] {main_dag.py:27} INFO - >>>>>>>> уже в  таблице
[2025-03-27T12:23:44.960+0000] {main_dag.py:27} INFO - >>>>>>>> уже в  таблице
[2025-03-27T12:23:44.960+0000] {main_dag.py:27} INFO - >>>>>>>> уже в  таблице
[2025-03-27T12:23:44.961+0000] {main_dag.py:27} INFO - >>>>>>>> уже в  таблице
[2025-03-27T12:23:44.961+0000] {main_dag.py:27} INFO - >>>>>>>> уже в  таблице
[2025-03-27T12:23:44.962+0000] {main_dag.py:27} INFO - >>>>>>>> уже в  таблице
[2025-03-27T12:23:44.962+0000] {main_dag.py:27} INFO - >>>>>>>> уже в  таблице
[2025-03-27T12:23:44.963+0000] {python.py:240} INFO - Done. Returned value was: None
[2025-03-27T12:23:44.973+0000] {taskinstance.py:341} INFO - ::group::Post task execution logs
[2025-03-27T12:23:44.973+0000] {taskinstance.py:353} INFO - Marking task as SUCCESS. dag_id=my_dag, task_id=add_payloads_to_table, run_id=manual__2025-03-27T12:23:03.217034+00:00, execution_date=20250327T122303, start_date=20250327T122342, end_date=20250327T122344
[2025-03-27T12:23:45.009+0000] {logging_mixin.py:190} INFO - Task instance in success state
[2025-03-27T12:23:45.010+0000] {logging_mixin.py:190} INFO -  Previous state of the Task instance: running
[2025-03-27T12:23:45.010+0000] {logging_mixin.py:190} INFO - Dag name:my_dag queued_at:2025-03-27 12:23:03.226987+00:00
[2025-03-27T12:23:45.011+0000] {logging_mixin.py:190} INFO - Task hostname:2753c0b03e32 operator:PythonOperator
[2025-03-27T12:23:45.048+0000] {local_task_job_runner.py:266} INFO - Task exited with return code 0
[2025-03-27T12:23:45.266+0000] {taskinstance.py:3901} INFO - 1 downstream tasks scheduled from follow-on schedule check
[2025-03-27T12:23:45.268+0000] {local_task_job_runner.py:245} INFO - ::endgroup::
