[2025-03-27T12:18:42.932+0000] {local_task_job_runner.py:123} INFO - ::group::Pre task execution logs
[2025-03-27T12:18:42.949+0000] {taskinstance.py:2614} INFO - Dependencies all met for dep_context=non-requeueable deps ti=<TaskInstance: my_dag.add_cores_to_table manual__2025-03-27T12:18:35.510549+00:00 [queued]>
[2025-03-27T12:18:42.956+0000] {taskinstance.py:2614} INFO - Dependencies all met for dep_context=requeueable deps ti=<TaskInstance: my_dag.add_cores_to_table manual__2025-03-27T12:18:35.510549+00:00 [queued]>
[2025-03-27T12:18:42.956+0000] {taskinstance.py:2867} INFO - Starting attempt 1 of 1
[2025-03-27T12:18:42.967+0000] {taskinstance.py:2890} INFO - Executing <Task(PythonOperator): add_cores_to_table> on 2025-03-27 12:18:35.510549+00:00
[2025-03-27T12:18:42.973+0000] {warnings.py:112} WARNING - /home/***/.local/lib/python3.12/site-packages/***/task/task_runner/standard_task_runner.py:70: DeprecationWarning: This process (pid=545) is multi-threaded, use of fork() may lead to deadlocks in the child.
  pid = os.fork()

[2025-03-27T12:18:42.975+0000] {standard_task_runner.py:72} INFO - Started process 547 to run task
[2025-03-27T12:18:42.975+0000] {standard_task_runner.py:104} INFO - Running: ['***', 'tasks', 'run', 'my_dag', 'add_cores_to_table', 'manual__2025-03-27T12:18:35.510549+00:00', '--job-id', '61', '--raw', '--subdir', 'DAGS_FOLDER/main_dag.py', '--cfg-path', '/tmp/tmphn0g218w']
[2025-03-27T12:18:42.976+0000] {standard_task_runner.py:105} INFO - Job 61: Subtask add_cores_to_table
[2025-03-27T12:18:43.199+0000] {task_command.py:467} INFO - Running <TaskInstance: my_dag.add_cores_to_table manual__2025-03-27T12:18:35.510549+00:00 [running]> on host 2753c0b03e32
[2025-03-27T12:18:43.264+0000] {taskinstance.py:3134} INFO - Exporting env vars: AIRFLOW_CTX_DAG_OWNER='***' AIRFLOW_CTX_DAG_ID='my_dag' AIRFLOW_CTX_TASK_ID='add_cores_to_table' AIRFLOW_CTX_EXECUTION_DATE='2025-03-27T12:18:35.510549+00:00' AIRFLOW_CTX_TRY_NUMBER='1' AIRFLOW_CTX_DAG_RUN_ID='manual__2025-03-27T12:18:35.510549+00:00'
[2025-03-27T12:18:43.264+0000] {logging_mixin.py:190} INFO - Task instance is in running state
[2025-03-27T12:18:43.265+0000] {logging_mixin.py:190} INFO -  Previous state of the Task instance: queued
[2025-03-27T12:18:43.265+0000] {logging_mixin.py:190} INFO - Current task name:add_cores_to_table state:running start_date:2025-03-27 12:18:42.950272+00:00
[2025-03-27T12:18:43.265+0000] {logging_mixin.py:190} INFO - Dag name:my_dag and current dag run status:running
[2025-03-27T12:18:43.266+0000] {taskinstance.py:732} INFO - ::endgroup::
[2025-03-27T12:18:43.273+0000] {base.py:84} INFO - Retrieving connection 'postgres_db'
[2025-03-27T12:18:46.532+0000] {main_dag.py:27} INFO - >>>>>>>> уже в  таблице
[2025-03-27T12:18:46.532+0000] {main_dag.py:27} INFO - >>>>>>>> уже в  таблице
[2025-03-27T12:18:46.533+0000] {main_dag.py:27} INFO - >>>>>>>> уже в  таблице
[2025-03-27T12:18:46.533+0000] {main_dag.py:27} INFO - >>>>>>>> уже в  таблице
[2025-03-27T12:18:46.533+0000] {main_dag.py:27} INFO - >>>>>>>> уже в  таблице
[2025-03-27T12:18:46.534+0000] {main_dag.py:27} INFO - >>>>>>>> уже в  таблице
[2025-03-27T12:18:46.534+0000] {main_dag.py:27} INFO - >>>>>>>> уже в  таблице
[2025-03-27T12:18:46.534+0000] {main_dag.py:27} INFO - >>>>>>>> уже в  таблице
[2025-03-27T12:18:46.534+0000] {main_dag.py:27} INFO - >>>>>>>> уже в  таблице
[2025-03-27T12:18:46.535+0000] {main_dag.py:27} INFO - >>>>>>>> уже в  таблице
[2025-03-27T12:18:46.535+0000] {main_dag.py:27} INFO - >>>>>>>> уже в  таблице
[2025-03-27T12:18:46.535+0000] {main_dag.py:27} INFO - >>>>>>>> уже в  таблице
[2025-03-27T12:18:46.536+0000] {main_dag.py:27} INFO - >>>>>>>> уже в  таблице
[2025-03-27T12:18:46.536+0000] {main_dag.py:27} INFO - >>>>>>>> уже в  таблице
[2025-03-27T12:18:46.536+0000] {main_dag.py:27} INFO - >>>>>>>> уже в  таблице
[2025-03-27T12:18:46.537+0000] {main_dag.py:27} INFO - >>>>>>>> уже в  таблице
[2025-03-27T12:18:46.537+0000] {main_dag.py:27} INFO - >>>>>>>> уже в  таблице
[2025-03-27T12:18:46.537+0000] {main_dag.py:27} INFO - >>>>>>>> уже в  таблице
[2025-03-27T12:18:46.537+0000] {main_dag.py:27} INFO - >>>>>>>> уже в  таблице
[2025-03-27T12:18:46.538+0000] {main_dag.py:27} INFO - >>>>>>>> уже в  таблице
[2025-03-27T12:18:46.538+0000] {main_dag.py:27} INFO - >>>>>>>> уже в  таблице
[2025-03-27T12:18:46.538+0000] {main_dag.py:27} INFO - >>>>>>>> уже в  таблице
[2025-03-27T12:18:46.539+0000] {main_dag.py:27} INFO - >>>>>>>> уже в  таблице
[2025-03-27T12:18:46.539+0000] {main_dag.py:27} INFO - >>>>>>>> уже в  таблице
[2025-03-27T12:18:46.539+0000] {main_dag.py:27} INFO - >>>>>>>> уже в  таблице
[2025-03-27T12:18:46.539+0000] {main_dag.py:27} INFO - >>>>>>>> уже в  таблице
[2025-03-27T12:18:46.540+0000] {main_dag.py:27} INFO - >>>>>>>> уже в  таблице
[2025-03-27T12:18:46.540+0000] {main_dag.py:27} INFO - >>>>>>>> уже в  таблице
[2025-03-27T12:18:46.540+0000] {main_dag.py:27} INFO - >>>>>>>> уже в  таблице
[2025-03-27T12:18:46.541+0000] {main_dag.py:27} INFO - >>>>>>>> уже в  таблице
[2025-03-27T12:18:46.541+0000] {main_dag.py:27} INFO - >>>>>>>> уже в  таблице
[2025-03-27T12:18:46.541+0000] {main_dag.py:27} INFO - >>>>>>>> уже в  таблице
[2025-03-27T12:18:46.541+0000] {main_dag.py:27} INFO - >>>>>>>> уже в  таблице
[2025-03-27T12:18:46.542+0000] {main_dag.py:27} INFO - >>>>>>>> уже в  таблице
[2025-03-27T12:18:46.542+0000] {main_dag.py:27} INFO - >>>>>>>> уже в  таблице
[2025-03-27T12:18:46.542+0000] {main_dag.py:27} INFO - >>>>>>>> уже в  таблице
[2025-03-27T12:18:46.543+0000] {main_dag.py:27} INFO - >>>>>>>> уже в  таблице
[2025-03-27T12:18:46.543+0000] {main_dag.py:27} INFO - >>>>>>>> уже в  таблице
[2025-03-27T12:18:46.544+0000] {main_dag.py:27} INFO - >>>>>>>> уже в  таблице
[2025-03-27T12:18:46.544+0000] {main_dag.py:27} INFO - >>>>>>>> уже в  таблице
[2025-03-27T12:18:46.544+0000] {main_dag.py:27} INFO - >>>>>>>> уже в  таблице
[2025-03-27T12:18:46.545+0000] {main_dag.py:27} INFO - >>>>>>>> уже в  таблице
[2025-03-27T12:18:46.545+0000] {main_dag.py:27} INFO - >>>>>>>> уже в  таблице
[2025-03-27T12:18:46.545+0000] {main_dag.py:27} INFO - >>>>>>>> уже в  таблице
[2025-03-27T12:18:46.545+0000] {main_dag.py:27} INFO - >>>>>>>> уже в  таблице
[2025-03-27T12:18:46.546+0000] {main_dag.py:27} INFO - >>>>>>>> уже в  таблице
[2025-03-27T12:18:46.546+0000] {main_dag.py:27} INFO - >>>>>>>> уже в  таблице
[2025-03-27T12:18:46.546+0000] {main_dag.py:27} INFO - >>>>>>>> уже в  таблице
[2025-03-27T12:18:46.547+0000] {main_dag.py:27} INFO - >>>>>>>> уже в  таблице
[2025-03-27T12:18:46.547+0000] {main_dag.py:27} INFO - >>>>>>>> уже в  таблице
[2025-03-27T12:18:46.547+0000] {main_dag.py:27} INFO - >>>>>>>> уже в  таблице
[2025-03-27T12:18:46.548+0000] {main_dag.py:27} INFO - >>>>>>>> уже в  таблице
[2025-03-27T12:18:46.548+0000] {main_dag.py:27} INFO - >>>>>>>> уже в  таблице
[2025-03-27T12:18:46.548+0000] {main_dag.py:27} INFO - >>>>>>>> уже в  таблице
[2025-03-27T12:18:46.549+0000] {main_dag.py:27} INFO - >>>>>>>> уже в  таблице
[2025-03-27T12:18:46.549+0000] {main_dag.py:27} INFO - >>>>>>>> уже в  таблице
[2025-03-27T12:18:46.549+0000] {main_dag.py:27} INFO - >>>>>>>> уже в  таблице
[2025-03-27T12:18:46.550+0000] {main_dag.py:27} INFO - >>>>>>>> уже в  таблице
[2025-03-27T12:18:46.550+0000] {main_dag.py:27} INFO - >>>>>>>> уже в  таблице
[2025-03-27T12:18:46.550+0000] {main_dag.py:27} INFO - >>>>>>>> уже в  таблице
[2025-03-27T12:18:46.551+0000] {main_dag.py:27} INFO - >>>>>>>> уже в  таблице
[2025-03-27T12:18:46.551+0000] {main_dag.py:27} INFO - >>>>>>>> уже в  таблице
[2025-03-27T12:18:46.551+0000] {main_dag.py:27} INFO - >>>>>>>> уже в  таблице
[2025-03-27T12:18:46.552+0000] {main_dag.py:27} INFO - >>>>>>>> уже в  таблице
[2025-03-27T12:18:46.552+0000] {main_dag.py:27} INFO - >>>>>>>> уже в  таблице
[2025-03-27T12:18:46.552+0000] {main_dag.py:27} INFO - >>>>>>>> уже в  таблице
[2025-03-27T12:18:46.553+0000] {main_dag.py:27} INFO - >>>>>>>> уже в  таблице
[2025-03-27T12:18:46.553+0000] {main_dag.py:27} INFO - >>>>>>>> уже в  таблице
[2025-03-27T12:18:46.553+0000] {main_dag.py:27} INFO - >>>>>>>> уже в  таблице
[2025-03-27T12:18:46.553+0000] {main_dag.py:27} INFO - >>>>>>>> уже в  таблице
[2025-03-27T12:18:46.554+0000] {main_dag.py:27} INFO - >>>>>>>> уже в  таблице
[2025-03-27T12:18:46.554+0000] {main_dag.py:27} INFO - >>>>>>>> уже в  таблице
[2025-03-27T12:18:46.554+0000] {main_dag.py:27} INFO - >>>>>>>> уже в  таблице
[2025-03-27T12:18:46.555+0000] {main_dag.py:27} INFO - >>>>>>>> уже в  таблице
[2025-03-27T12:18:46.555+0000] {main_dag.py:27} INFO - >>>>>>>> уже в  таблице
[2025-03-27T12:18:46.555+0000] {main_dag.py:27} INFO - >>>>>>>> уже в  таблице
[2025-03-27T12:18:46.555+0000] {main_dag.py:27} INFO - >>>>>>>> уже в  таблице
[2025-03-27T12:18:46.556+0000] {main_dag.py:27} INFO - >>>>>>>> уже в  таблице
[2025-03-27T12:18:46.556+0000] {main_dag.py:27} INFO - >>>>>>>> уже в  таблице
[2025-03-27T12:18:46.556+0000] {main_dag.py:27} INFO - >>>>>>>> уже в  таблице
[2025-03-27T12:18:46.557+0000] {main_dag.py:27} INFO - >>>>>>>> уже в  таблице
[2025-03-27T12:18:46.557+0000] {main_dag.py:27} INFO - >>>>>>>> уже в  таблице
[2025-03-27T12:18:46.557+0000] {main_dag.py:27} INFO - >>>>>>>> уже в  таблице
[2025-03-27T12:18:46.558+0000] {python.py:240} INFO - Done. Returned value was: None
[2025-03-27T12:18:46.566+0000] {taskinstance.py:341} INFO - ::group::Post task execution logs
[2025-03-27T12:18:46.567+0000] {taskinstance.py:353} INFO - Marking task as SUCCESS. dag_id=my_dag, task_id=add_cores_to_table, run_id=manual__2025-03-27T12:18:35.510549+00:00, execution_date=20250327T121835, start_date=20250327T121842, end_date=20250327T121846
[2025-03-27T12:18:46.595+0000] {logging_mixin.py:190} INFO - Task instance in success state
[2025-03-27T12:18:46.596+0000] {logging_mixin.py:190} INFO -  Previous state of the Task instance: running
[2025-03-27T12:18:46.596+0000] {logging_mixin.py:190} INFO - Dag name:my_dag queued_at:2025-03-27 12:18:35.519163+00:00
[2025-03-27T12:18:46.596+0000] {logging_mixin.py:190} INFO - Task hostname:2753c0b03e32 operator:PythonOperator
[2025-03-27T12:18:46.641+0000] {local_task_job_runner.py:266} INFO - Task exited with return code 0
[2025-03-27T12:18:46.831+0000] {taskinstance.py:3901} INFO - 1 downstream tasks scheduled from follow-on schedule check
[2025-03-27T12:18:46.840+0000] {local_task_job_runner.py:245} INFO - ::endgroup::
