[2025-03-23T10:34:46.377+0000] {local_task_job_runner.py:123} INFO - ::group::Pre task execution logs
[2025-03-23T10:34:46.535+0000] {taskinstance.py:2614} INFO - Dependencies all met for dep_context=non-requeueable deps ti=<TaskInstance: tutorial_taskflow_api.load manual__2025-03-23T10:34:40.314499+00:00 [queued]>
[2025-03-23T10:34:46.545+0000] {taskinstance.py:2614} INFO - Dependencies all met for dep_context=requeueable deps ti=<TaskInstance: tutorial_taskflow_api.load manual__2025-03-23T10:34:40.314499+00:00 [queued]>
[2025-03-23T10:34:46.545+0000] {taskinstance.py:2867} INFO - Starting attempt 1 of 1
[2025-03-23T10:34:46.566+0000] {taskinstance.py:2890} INFO - Executing <Task(_PythonDecoratedOperator): load> on 2025-03-23 10:34:40.314499+00:00
[2025-03-23T10:34:46.575+0000] {warnings.py:112} WARNING - /home/***/.local/lib/python3.12/site-packages/***/task/task_runner/standard_task_runner.py:70: DeprecationWarning: This process (pid=392) is multi-threaded, use of fork() may lead to deadlocks in the child.
  pid = os.fork()

[2025-03-23T10:34:46.576+0000] {standard_task_runner.py:72} INFO - Started process 394 to run task
[2025-03-23T10:34:46.576+0000] {standard_task_runner.py:104} INFO - Running: ['***', 'tasks', 'run', 'tutorial_taskflow_api', 'load', 'manual__2025-03-23T10:34:40.314499+00:00', '--job-id', '22', '--raw', '--subdir', '/home/***/.local/lib/python3.12/site-packages/***/example_dags/tutorial_taskflow_api.py', '--cfg-path', '/tmp/tmp1brp3cxo']
[2025-03-23T10:34:46.578+0000] {standard_task_runner.py:105} INFO - Job 22: Subtask load
[2025-03-23T10:34:46.615+0000] {task_command.py:467} INFO - Running <TaskInstance: tutorial_taskflow_api.load manual__2025-03-23T10:34:40.314499+00:00 [running]> on host 41b90dd1aaae
[2025-03-23T10:34:46.691+0000] {taskinstance.py:3134} INFO - Exporting env vars: AIRFLOW_CTX_DAG_OWNER='***' AIRFLOW_CTX_DAG_ID='tutorial_taskflow_api' AIRFLOW_CTX_TASK_ID='load' AIRFLOW_CTX_EXECUTION_DATE='2025-03-23T10:34:40.314499+00:00' AIRFLOW_CTX_TRY_NUMBER='1' AIRFLOW_CTX_DAG_RUN_ID='manual__2025-03-23T10:34:40.314499+00:00'
[2025-03-23T10:34:46.692+0000] {logging_mixin.py:190} INFO - Task instance is in running state
[2025-03-23T10:34:46.693+0000] {logging_mixin.py:190} INFO -  Previous state of the Task instance: queued
[2025-03-23T10:34:46.694+0000] {logging_mixin.py:190} INFO - Current task name:load state:running start_date:2025-03-23 10:34:46.535763+00:00
[2025-03-23T10:34:46.694+0000] {logging_mixin.py:190} INFO - Dag name:tutorial_taskflow_api and current dag run status:running
[2025-03-23T10:34:46.694+0000] {taskinstance.py:732} INFO - ::endgroup::
[2025-03-23T10:34:46.695+0000] {logging_mixin.py:190} INFO - Total order value is: 1236.70
[2025-03-23T10:34:46.695+0000] {python.py:240} INFO - Done. Returned value was: None
[2025-03-23T10:34:46.704+0000] {taskinstance.py:341} INFO - ::group::Post task execution logs
[2025-03-23T10:34:46.705+0000] {taskinstance.py:353} INFO - Marking task as SUCCESS. dag_id=tutorial_taskflow_api, task_id=load, run_id=manual__2025-03-23T10:34:40.314499+00:00, execution_date=20250323T103440, start_date=20250323T103446, end_date=20250323T103446
[2025-03-23T10:34:46.723+0000] {logging_mixin.py:190} INFO - Task instance in success state
[2025-03-23T10:34:46.724+0000] {logging_mixin.py:190} INFO -  Previous state of the Task instance: running
[2025-03-23T10:34:46.724+0000] {logging_mixin.py:190} INFO - Dag name:tutorial_taskflow_api queued_at:2025-03-23 10:34:40.325517+00:00
[2025-03-23T10:34:46.724+0000] {logging_mixin.py:190} INFO - Task hostname:41b90dd1aaae operator:_PythonDecoratedOperator
[2025-03-23T10:34:46.757+0000] {local_task_job_runner.py:266} INFO - Task exited with return code 0
[2025-03-23T10:34:46.771+0000] {taskinstance.py:3901} INFO - 0 downstream tasks scheduled from follow-on schedule check
[2025-03-23T10:34:46.773+0000] {local_task_job_runner.py:245} INFO - ::endgroup::
