[2025-03-27T12:21:39.900+0000] {local_task_job_runner.py:123} INFO - ::group::Pre task execution logs
[2025-03-27T12:21:39.925+0000] {taskinstance.py:2614} INFO - Dependencies all met for dep_context=non-requeueable deps ti=<TaskInstance: my_dag.add_rockets_to_table manual__2025-03-27T12:21:04.555608+00:00 [queued]>
[2025-03-27T12:21:39.934+0000] {taskinstance.py:2614} INFO - Dependencies all met for dep_context=requeueable deps ti=<TaskInstance: my_dag.add_rockets_to_table manual__2025-03-27T12:21:04.555608+00:00 [queued]>
[2025-03-27T12:21:39.935+0000] {taskinstance.py:2867} INFO - Starting attempt 1 of 1
[2025-03-27T12:21:39.950+0000] {taskinstance.py:2890} INFO - Executing <Task(PythonOperator): add_rockets_to_table> on 2025-03-27 12:21:04.555608+00:00
[2025-03-27T12:21:39.956+0000] {warnings.py:112} WARNING - /home/***/.local/lib/python3.12/site-packages/***/task/task_runner/standard_task_runner.py:70: DeprecationWarning: This process (pid=643) is multi-threaded, use of fork() may lead to deadlocks in the child.
  pid = os.fork()

[2025-03-27T12:21:39.958+0000] {standard_task_runner.py:72} INFO - Started process 645 to run task
[2025-03-27T12:21:39.959+0000] {standard_task_runner.py:104} INFO - Running: ['***', 'tasks', 'run', 'my_dag', 'add_rockets_to_table', 'manual__2025-03-27T12:21:04.555608+00:00', '--job-id', '75', '--raw', '--subdir', 'DAGS_FOLDER/main_dag.py', '--cfg-path', '/tmp/tmpbgyqkxv0']
[2025-03-27T12:21:39.960+0000] {standard_task_runner.py:105} INFO - Job 75: Subtask add_rockets_to_table
[2025-03-27T12:21:40.226+0000] {task_command.py:467} INFO - Running <TaskInstance: my_dag.add_rockets_to_table manual__2025-03-27T12:21:04.555608+00:00 [running]> on host 2753c0b03e32
[2025-03-27T12:21:40.291+0000] {taskinstance.py:3134} INFO - Exporting env vars: AIRFLOW_CTX_DAG_OWNER='***' AIRFLOW_CTX_DAG_ID='my_dag' AIRFLOW_CTX_TASK_ID='add_rockets_to_table' AIRFLOW_CTX_EXECUTION_DATE='2025-03-27T12:21:04.555608+00:00' AIRFLOW_CTX_TRY_NUMBER='1' AIRFLOW_CTX_DAG_RUN_ID='manual__2025-03-27T12:21:04.555608+00:00'
[2025-03-27T12:21:40.292+0000] {logging_mixin.py:190} INFO - Task instance is in running state
[2025-03-27T12:21:40.292+0000] {logging_mixin.py:190} INFO -  Previous state of the Task instance: queued
[2025-03-27T12:21:40.292+0000] {logging_mixin.py:190} INFO - Current task name:add_rockets_to_table state:running start_date:2025-03-27 12:21:39.926116+00:00
[2025-03-27T12:21:40.293+0000] {logging_mixin.py:190} INFO - Dag name:my_dag and current dag run status:running
[2025-03-27T12:21:40.293+0000] {taskinstance.py:732} INFO - ::endgroup::
[2025-03-27T12:21:40.300+0000] {base.py:84} INFO - Retrieving connection 'postgres_db'
[2025-03-27T12:21:42.489+0000] {python.py:240} INFO - Done. Returned value was: None
[2025-03-27T12:21:42.499+0000] {taskinstance.py:341} INFO - ::group::Post task execution logs
[2025-03-27T12:21:42.500+0000] {taskinstance.py:353} INFO - Marking task as SUCCESS. dag_id=my_dag, task_id=add_rockets_to_table, run_id=manual__2025-03-27T12:21:04.555608+00:00, execution_date=20250327T122104, start_date=20250327T122139, end_date=20250327T122142
[2025-03-27T12:21:42.522+0000] {logging_mixin.py:190} INFO - Task instance in success state
[2025-03-27T12:21:42.523+0000] {logging_mixin.py:190} INFO -  Previous state of the Task instance: running
[2025-03-27T12:21:42.523+0000] {logging_mixin.py:190} INFO - Dag name:my_dag queued_at:2025-03-27 12:21:04.563970+00:00
[2025-03-27T12:21:42.523+0000] {logging_mixin.py:190} INFO - Task hostname:2753c0b03e32 operator:PythonOperator
[2025-03-27T12:21:42.558+0000] {local_task_job_runner.py:266} INFO - Task exited with return code 0
[2025-03-27T12:21:42.761+0000] {taskinstance.py:3901} INFO - 1 downstream tasks scheduled from follow-on schedule check
[2025-03-27T12:21:42.770+0000] {local_task_job_runner.py:245} INFO - ::endgroup::
